mode: atomic
github.com/kernel-labs-ai/awt/internal/errors/errors.go:53.35,54.18 1 2
github.com/kernel-labs-ai/awt/internal/errors/errors.go:54.18,56.3 1 1
github.com/kernel-labs-ai/awt/internal/errors/errors.go:57.2,57.18 1 1
github.com/kernel-labs-ai/awt/internal/errors/errors.go:61.35,63.2 1 1
github.com/kernel-labs-ai/awt/internal/errors/errors.go:73.36,81.2 3 1
github.com/kernel-labs-ai/awt/internal/errors/errors.go:84.77,91.2 1 18
github.com/kernel-labs-ai/awt/internal/errors/errors.go:94.38,95.16 1 0
github.com/kernel-labs-ai/awt/internal/errors/errors.go:95.16,97.3 1 0
github.com/kernel-labs-ai/awt/internal/errors/errors.go:100.2,100.39 1 0
github.com/kernel-labs-ai/awt/internal/errors/errors.go:100.39,101.14 1 0
github.com/kernel-labs-ai/awt/internal/errors/errors.go:101.14,103.4 1 0
github.com/kernel-labs-ai/awt/internal/errors/errors.go:103.9,105.4 1 0
github.com/kernel-labs-ai/awt/internal/errors/errors.go:106.3,106.28 1 0
github.com/kernel-labs-ai/awt/internal/errors/errors.go:110.2,110.13 1 0
github.com/kernel-labs-ai/awt/internal/errors/errors.go:110.13,117.3 3 0
github.com/kernel-labs-ai/awt/internal/errors/errors.go:117.8,119.3 1 0
github.com/kernel-labs-ai/awt/internal/errors/errors.go:120.2,120.12 1 0
github.com/kernel-labs-ai/awt/internal/errors/errors.go:126.42,133.2 1 1
github.com/kernel-labs-ai/awt/internal/errors/errors.go:136.54,143.2 1 1
github.com/kernel-labs-ai/awt/internal/errors/errors.go:146.44,153.2 1 1
github.com/kernel-labs-ai/awt/internal/errors/errors.go:156.67,163.2 1 1
github.com/kernel-labs-ai/awt/internal/errors/errors.go:166.44,173.2 1 1
github.com/kernel-labs-ai/awt/internal/errors/errors.go:176.46,183.2 1 0
github.com/kernel-labs-ai/awt/internal/errors/errors.go:186.59,193.2 1 1
github.com/kernel-labs-ai/awt/internal/errors/errors.go:196.59,203.2 1 1
github.com/kernel-labs-ai/awt/internal/errors/errors.go:206.45,213.2 1 1
github.com/kernel-labs-ai/awt/internal/errors/errors.go:216.57,223.2 1 1
github.com/kernel-labs-ai/awt/internal/errors/errors.go:226.45,233.2 1 1
github.com/kernel-labs-ai/awt/internal/errors/errors.go:236.42,243.2 1 1
github.com/kernel-labs-ai/awt/internal/errors/errors.go:246.41,253.2 1 1
github.com/kernel-labs-ai/awt/internal/errors/errors.go:256.45,263.2 1 1
github.com/kernel-labs-ai/awt/internal/errors/errors.go:266.59,273.2 1 1
github.com/kernel-labs-ai/awt/internal/idgen/idgen.go:12.39,20.50 4 10
github.com/kernel-labs-ai/awt/internal/idgen/idgen.go:20.50,22.3 1 0
github.com/kernel-labs-ai/awt/internal/idgen/idgen.go:23.2,25.56 2 10
github.com/kernel-labs-ai/awt/internal/idgen/idgen.go:30.62,34.2 2 3
github.com/kernel-labs-ai/awt/internal/idgen/idgen.go:38.39,51.36 3 11
github.com/kernel-labs-ai/awt/internal/idgen/idgen.go:51.36,53.3 1 231
github.com/kernel-labs-ai/awt/internal/idgen/idgen.go:56.2,61.13 3 11
github.com/kernel-labs-ai/awt/internal/idgen/idgen.go:65.37,68.19 1 20
github.com/kernel-labs-ai/awt/internal/idgen/idgen.go:68.19,70.3 1 8
github.com/kernel-labs-ai/awt/internal/idgen/idgen.go:72.2,73.21 2 12
github.com/kernel-labs-ai/awt/internal/idgen/idgen.go:73.21,75.3 1 0
github.com/kernel-labs-ai/awt/internal/idgen/idgen.go:78.2,78.24 1 12
github.com/kernel-labs-ai/awt/internal/idgen/idgen.go:78.24,80.3 1 0
github.com/kernel-labs-ai/awt/internal/idgen/idgen.go:83.2,83.24 1 12
github.com/kernel-labs-ai/awt/internal/idgen/idgen.go:83.24,85.3 1 0
github.com/kernel-labs-ai/awt/internal/idgen/idgen.go:88.2,88.24 1 12
github.com/kernel-labs-ai/awt/internal/idgen/idgen.go:88.24,90.3 1 0
github.com/kernel-labs-ai/awt/internal/idgen/idgen.go:92.2,92.13 1 12
github.com/kernel-labs-ai/awt/internal/logger/logger.go:25.35,26.11 1 16
github.com/kernel-labs-ai/awt/internal/logger/logger.go:27.18,28.17 1 2
github.com/kernel-labs-ai/awt/internal/logger/logger.go:29.17,30.16 1 8
github.com/kernel-labs-ai/awt/internal/logger/logger.go:31.17,32.16 1 2
github.com/kernel-labs-ai/awt/internal/logger/logger.go:33.18,34.17 1 3
github.com/kernel-labs-ai/awt/internal/logger/logger.go:35.10,36.19 1 1
github.com/kernel-labs-ai/awt/internal/logger/logger.go:48.52,49.19 1 8
github.com/kernel-labs-ai/awt/internal/logger/logger.go:49.19,51.3 1 0
github.com/kernel-labs-ai/awt/internal/logger/logger.go:53.2,57.3 1 8
github.com/kernel-labs-ai/awt/internal/logger/logger.go:61.24,63.2 1 1
github.com/kernel-labs-ai/awt/internal/logger/logger.go:66.23,72.2 1 1
github.com/kernel-labs-ai/awt/internal/logger/logger.go:75.43,77.2 1 1
github.com/kernel-labs-ai/awt/internal/logger/logger.go:80.46,82.2 1 1
github.com/kernel-labs-ai/awt/internal/logger/logger.go:85.41,87.12 2 0
github.com/kernel-labs-ai/awt/internal/logger/logger.go:87.12,89.3 1 0
github.com/kernel-labs-ai/awt/internal/logger/logger.go:93.74,94.33 1 14
github.com/kernel-labs-ai/awt/internal/logger/logger.go:94.33,96.3 1 6
github.com/kernel-labs-ai/awt/internal/logger/logger.go:98.2,102.33 4 8
github.com/kernel-labs-ai/awt/internal/logger/logger.go:106.60,108.2 1 3
github.com/kernel-labs-ai/awt/internal/logger/logger.go:111.59,113.2 1 5
github.com/kernel-labs-ai/awt/internal/logger/logger.go:116.59,118.2 1 3
github.com/kernel-labs-ai/awt/internal/logger/logger.go:121.60,123.2 1 3
github.com/kernel-labs-ai/awt/internal/logger/logger.go:126.60,131.2 1 2
github.com/kernel-labs-ai/awt/internal/logger/logger.go:134.68,139.2 1 1
github.com/kernel-labs-ai/awt/internal/logger/logger.go:148.80,149.49 1 3
github.com/kernel-labs-ai/awt/internal/logger/logger.go:149.49,151.3 1 0
github.com/kernel-labs-ai/awt/internal/logger/logger.go:153.2,158.24 4 3
github.com/kernel-labs-ai/awt/internal/logger/logger.go:158.24,161.31 3 3
github.com/kernel-labs-ai/awt/internal/logger/logger.go:161.31,162.14 1 5
github.com/kernel-labs-ai/awt/internal/logger/logger.go:162.14,164.5 1 2
github.com/kernel-labs-ai/awt/internal/logger/logger.go:165.4,166.17 2 5
github.com/kernel-labs-ai/awt/internal/logger/logger.go:168.3,168.19 1 3
github.com/kernel-labs-ai/awt/internal/logger/logger.go:171.2,172.41 2 3
github.com/kernel-labs-ai/awt/internal/logger/logger.go:176.66,178.2 1 0
github.com/kernel-labs-ai/awt/internal/logger/logger.go:181.65,183.2 1 3
github.com/kernel-labs-ai/awt/internal/logger/logger.go:186.65,188.2 1 0
github.com/kernel-labs-ai/awt/internal/logger/logger.go:191.66,193.2 1 0
github.com/kernel-labs-ai/awt/internal/logger/logger.go:196.66,198.30 2 1
github.com/kernel-labs-ai/awt/internal/logger/logger.go:198.30,200.3 1 1
github.com/kernel-labs-ai/awt/internal/logger/logger.go:201.2,205.3 2 1
github.com/kernel-labs-ai/awt/internal/logger/logger.go:212.38,214.2 1 2
github.com/kernel-labs-ai/awt/internal/logger/logger.go:217.32,219.2 1 1
github.com/kernel-labs-ai/awt/internal/logger/logger.go:222.48,224.2 1 0
github.com/kernel-labs-ai/awt/internal/logger/logger.go:227.47,229.2 1 1
github.com/kernel-labs-ai/awt/internal/logger/logger.go:232.47,234.2 1 0
github.com/kernel-labs-ai/awt/internal/logger/logger.go:237.48,239.2 1 0
github.com/kernel-labs-ai/awt/internal/logger/logger.go:242.48,244.2 1 0
github.com/kernel-labs-ai/awt/internal/logger/logger.go:247.56,249.2 1 0
github.com/kernel-labs-ai/awt/internal/config/config.go:43.24,55.2 1 3
github.com/kernel-labs-ai/awt/internal/config/config.go:65.57,73.2 2 3
github.com/kernel-labs-ai/awt/internal/config/config.go:77.49,81.86 2 2
github.com/kernel-labs-ai/awt/internal/config/config.go:81.86,83.3 1 0
github.com/kernel-labs-ai/awt/internal/config/config.go:86.2,86.84 1 2
github.com/kernel-labs-ai/awt/internal/config/config.go:86.84,88.3 1 0
github.com/kernel-labs-ai/awt/internal/config/config.go:91.2,91.84 1 2
github.com/kernel-labs-ai/awt/internal/config/config.go:91.84,93.3 1 0
github.com/kernel-labs-ai/awt/internal/config/config.go:96.2,98.20 2 2
github.com/kernel-labs-ai/awt/internal/config/config.go:102.73,104.16 2 6
github.com/kernel-labs-ai/awt/internal/config/config.go:104.16,106.3 1 3
github.com/kernel-labs-ai/awt/internal/config/config.go:108.2,109.55 2 3
github.com/kernel-labs-ai/awt/internal/config/config.go:109.55,111.3 1 0
github.com/kernel-labs-ai/awt/internal/config/config.go:114.2,114.32 1 3
github.com/kernel-labs-ai/awt/internal/config/config.go:114.32,116.3 1 3
github.com/kernel-labs-ai/awt/internal/config/config.go:117.2,117.32 1 3
github.com/kernel-labs-ai/awt/internal/config/config.go:117.32,119.3 1 3
github.com/kernel-labs-ai/awt/internal/config/config.go:120.2,120.31 1 3
github.com/kernel-labs-ai/awt/internal/config/config.go:120.31,122.3 1 3
github.com/kernel-labs-ai/awt/internal/config/config.go:123.2,123.30 1 3
github.com/kernel-labs-ai/awt/internal/config/config.go:123.30,125.3 1 3
github.com/kernel-labs-ai/awt/internal/config/config.go:126.2,126.29 1 3
github.com/kernel-labs-ai/awt/internal/config/config.go:126.29,128.3 1 3
github.com/kernel-labs-ai/awt/internal/config/config.go:133.2,133.58 1 3
github.com/kernel-labs-ai/awt/internal/config/config.go:133.58,135.3 1 2
github.com/kernel-labs-ai/awt/internal/config/config.go:136.2,136.53 1 3
github.com/kernel-labs-ai/awt/internal/config/config.go:136.53,138.3 1 2
github.com/kernel-labs-ai/awt/internal/config/config.go:139.2,139.51 1 3
github.com/kernel-labs-ai/awt/internal/config/config.go:139.51,141.3 1 3
github.com/kernel-labs-ai/awt/internal/config/config.go:142.2,142.55 1 3
github.com/kernel-labs-ai/awt/internal/config/config.go:142.55,144.3 1 1
github.com/kernel-labs-ai/awt/internal/config/config.go:146.2,146.12 1 3
github.com/kernel-labs-ai/awt/internal/config/config.go:150.53,151.54 1 2
github.com/kernel-labs-ai/awt/internal/config/config.go:151.54,153.3 1 1
github.com/kernel-labs-ai/awt/internal/config/config.go:154.2,154.54 1 2
github.com/kernel-labs-ai/awt/internal/config/config.go:154.54,156.3 1 1
github.com/kernel-labs-ai/awt/internal/config/config.go:157.2,157.53 1 2
github.com/kernel-labs-ai/awt/internal/config/config.go:157.53,159.3 1 1
github.com/kernel-labs-ai/awt/internal/config/config.go:160.2,160.52 1 2
github.com/kernel-labs-ai/awt/internal/config/config.go:160.52,162.3 1 1
github.com/kernel-labs-ai/awt/internal/config/config.go:163.2,163.53 1 2
github.com/kernel-labs-ai/awt/internal/config/config.go:163.53,164.67 1 1
github.com/kernel-labs-ai/awt/internal/config/config.go:164.67,166.4 1 1
github.com/kernel-labs-ai/awt/internal/config/config.go:168.2,168.55 1 2
github.com/kernel-labs-ai/awt/internal/config/config.go:168.55,170.3 1 1
github.com/kernel-labs-ai/awt/internal/config/config.go:171.2,171.50 1 2
github.com/kernel-labs-ai/awt/internal/config/config.go:171.50,173.3 1 1
github.com/kernel-labs-ai/awt/internal/config/config.go:174.2,174.48 1 2
github.com/kernel-labs-ai/awt/internal/config/config.go:174.48,176.3 1 1
github.com/kernel-labs-ai/awt/internal/config/config.go:177.2,177.52 1 2
github.com/kernel-labs-ai/awt/internal/config/config.go:177.52,179.3 1 1
github.com/kernel-labs-ai/awt/internal/config/config.go:183.31,185.11 2 21
github.com/kernel-labs-ai/awt/internal/config/config.go:186.43,187.14 1 11
github.com/kernel-labs-ai/awt/internal/config/config.go:188.10,189.15 1 10
github.com/kernel-labs-ai/awt/internal/config/config.go:194.66,196.15 2 1
github.com/kernel-labs-ai/awt/internal/config/config.go:197.16,198.23 1 0
github.com/kernel-labs-ai/awt/internal/config/config.go:199.14,200.21 1 0
github.com/kernel-labs-ai/awt/internal/config/config.go:201.14,202.21 1 1
github.com/kernel-labs-ai/awt/internal/config/config.go:203.10,204.80 1 0
github.com/kernel-labs-ai/awt/internal/config/config.go:208.2,209.47 2 1
github.com/kernel-labs-ai/awt/internal/config/config.go:209.47,211.3 1 0
github.com/kernel-labs-ai/awt/internal/config/config.go:214.2,215.16 2 1
github.com/kernel-labs-ai/awt/internal/config/config.go:215.16,217.3 1 0
github.com/kernel-labs-ai/awt/internal/config/config.go:220.2,221.59 2 1
github.com/kernel-labs-ai/awt/internal/config/config.go:221.59,223.3 1 0
github.com/kernel-labs-ai/awt/internal/config/config.go:225.2,225.50 1 1
github.com/kernel-labs-ai/awt/internal/config/config.go:225.50,228.3 2 0
github.com/kernel-labs-ai/awt/internal/config/config.go:230.2,230.12 1 1
github.com/kernel-labs-ai/awt/internal/config/config.go:234.69,235.15 1 4
github.com/kernel-labs-ai/awt/internal/config/config.go:236.16,237.28 1 1
github.com/kernel-labs-ai/awt/internal/config/config.go:238.14,239.26 1 1
github.com/kernel-labs-ai/awt/internal/config/config.go:240.14,241.26 1 1
github.com/kernel-labs-ai/awt/internal/config/config.go:242.10,243.84 1 1
github.com/kernel-labs-ai/awt/internal/safety/safety.go:14.32,16.2 1 8
github.com/kernel-labs-ai/awt/internal/safety/safety.go:19.59,20.17 1 8
github.com/kernel-labs-ai/awt/internal/safety/safety.go:20.17,22.3 1 1
github.com/kernel-labs-ai/awt/internal/safety/safety.go:24.2,24.22 1 7
github.com/kernel-labs-ai/awt/internal/safety/safety.go:24.22,26.3 1 1
github.com/kernel-labs-ai/awt/internal/safety/safety.go:29.2,29.42 1 6
github.com/kernel-labs-ai/awt/internal/safety/safety.go:29.42,31.3 1 3
github.com/kernel-labs-ai/awt/internal/safety/safety.go:33.2,33.12 1 3
github.com/kernel-labs-ai/awt/internal/safety/safety.go:37.61,38.18 1 13
github.com/kernel-labs-ai/awt/internal/safety/safety.go:38.18,40.3 1 1
github.com/kernel-labs-ai/awt/internal/safety/safety.go:43.2,43.36 1 12
github.com/kernel-labs-ai/awt/internal/safety/safety.go:43.36,45.3 1 1
github.com/kernel-labs-ai/awt/internal/safety/safety.go:47.2,47.36 1 11
github.com/kernel-labs-ai/awt/internal/safety/safety.go:47.36,49.3 1 1
github.com/kernel-labs-ai/awt/internal/safety/safety.go:51.2,51.40 1 10
github.com/kernel-labs-ai/awt/internal/safety/safety.go:51.40,53.3 1 1
github.com/kernel-labs-ai/awt/internal/safety/safety.go:56.2,57.33 2 9
github.com/kernel-labs-ai/awt/internal/safety/safety.go:57.33,58.37 1 65
github.com/kernel-labs-ai/awt/internal/safety/safety.go:58.37,60.4 1 5
github.com/kernel-labs-ai/awt/internal/safety/safety.go:64.2,64.36 1 4
github.com/kernel-labs-ai/awt/internal/safety/safety.go:64.36,66.3 1 1
github.com/kernel-labs-ai/awt/internal/safety/safety.go:69.2,69.19 1 3
github.com/kernel-labs-ai/awt/internal/safety/safety.go:69.19,71.3 1 1
github.com/kernel-labs-ai/awt/internal/safety/safety.go:74.2,74.27 1 2
github.com/kernel-labs-ai/awt/internal/safety/safety.go:74.27,75.25 1 36
github.com/kernel-labs-ai/awt/internal/safety/safety.go:75.25,77.4 1 0
github.com/kernel-labs-ai/awt/internal/safety/safety.go:80.2,80.12 1 2
github.com/kernel-labs-ai/awt/internal/safety/safety.go:84.59,85.17 1 9
github.com/kernel-labs-ai/awt/internal/safety/safety.go:85.17,87.3 1 1
github.com/kernel-labs-ai/awt/internal/safety/safety.go:89.2,89.21 1 8
github.com/kernel-labs-ai/awt/internal/safety/safety.go:89.21,91.3 1 1
github.com/kernel-labs-ai/awt/internal/safety/safety.go:94.2,94.26 1 7
github.com/kernel-labs-ai/awt/internal/safety/safety.go:94.26,95.108 1 61
github.com/kernel-labs-ai/awt/internal/safety/safety.go:95.108,97.4 1 3
github.com/kernel-labs-ai/awt/internal/safety/safety.go:100.2,100.12 1 4
github.com/kernel-labs-ai/awt/internal/safety/safety.go:104.71,105.16 1 6
github.com/kernel-labs-ai/awt/internal/safety/safety.go:105.16,107.3 1 1
github.com/kernel-labs-ai/awt/internal/safety/safety.go:110.2,111.16 2 5
github.com/kernel-labs-ai/awt/internal/safety/safety.go:111.16,113.3 1 0
github.com/kernel-labs-ai/awt/internal/safety/safety.go:116.2,116.47 1 5
github.com/kernel-labs-ai/awt/internal/safety/safety.go:116.47,117.20 1 3
github.com/kernel-labs-ai/awt/internal/safety/safety.go:117.20,119.4 1 1
github.com/kernel-labs-ai/awt/internal/safety/safety.go:121.3,122.17 2 2
github.com/kernel-labs-ai/awt/internal/safety/safety.go:122.17,124.4 1 0
github.com/kernel-labs-ai/awt/internal/safety/safety.go:125.3,125.23 1 2
github.com/kernel-labs-ai/awt/internal/safety/safety.go:125.23,127.4 1 2
github.com/kernel-labs-ai/awt/internal/safety/safety.go:131.2,133.67 3 2
github.com/kernel-labs-ai/awt/internal/safety/safety.go:133.67,135.3 1 1
github.com/kernel-labs-ai/awt/internal/safety/safety.go:138.2,138.28 1 1
github.com/kernel-labs-ai/awt/internal/safety/safety.go:138.28,140.3 1 0
github.com/kernel-labs-ai/awt/internal/safety/safety.go:142.2,142.12 1 1
github.com/kernel-labs-ai/awt/internal/safety/safety.go:146.65,147.19 1 6
github.com/kernel-labs-ai/awt/internal/safety/safety.go:147.19,149.3 1 1
github.com/kernel-labs-ai/awt/internal/safety/safety.go:151.2,151.26 1 5
github.com/kernel-labs-ai/awt/internal/safety/safety.go:151.26,153.3 1 1
github.com/kernel-labs-ai/awt/internal/safety/safety.go:156.2,157.25 2 4
github.com/kernel-labs-ai/awt/internal/safety/safety.go:157.25,159.3 1 1
github.com/kernel-labs-ai/awt/internal/safety/safety.go:161.2,161.12 1 3
github.com/kernel-labs-ai/awt/internal/safety/safety.go:165.83,167.16 2 3
github.com/kernel-labs-ai/awt/internal/safety/safety.go:167.16,169.3 1 0
github.com/kernel-labs-ai/awt/internal/safety/safety.go:172.2,173.16 2 3
github.com/kernel-labs-ai/awt/internal/safety/safety.go:173.16,174.25 1 1
github.com/kernel-labs-ai/awt/internal/safety/safety.go:174.25,176.4 1 1
github.com/kernel-labs-ai/awt/internal/safety/safety.go:177.3,177.55 1 0
github.com/kernel-labs-ai/awt/internal/safety/safety.go:180.2,180.19 1 2
github.com/kernel-labs-ai/awt/internal/safety/safety.go:180.19,182.3 1 1
github.com/kernel-labs-ai/awt/internal/safety/safety.go:185.2,186.16 2 1
github.com/kernel-labs-ai/awt/internal/safety/safety.go:186.16,188.3 1 0
github.com/kernel-labs-ai/awt/internal/safety/safety.go:190.2,192.73 3 1
github.com/kernel-labs-ai/awt/internal/safety/safety.go:192.73,193.13 1 0
github.com/kernel-labs-ai/awt/internal/safety/safety.go:193.13,195.4 1 0
github.com/kernel-labs-ai/awt/internal/safety/safety.go:198.2,198.12 1 1
github.com/kernel-labs-ai/awt/internal/safety/safety.go:202.61,203.18 1 15
github.com/kernel-labs-ai/awt/internal/safety/safety.go:203.18,205.3 1 1
github.com/kernel-labs-ai/awt/internal/safety/safety.go:208.2,208.36 1 14
github.com/kernel-labs-ai/awt/internal/safety/safety.go:208.36,210.3 1 1
github.com/kernel-labs-ai/awt/internal/safety/safety.go:212.2,212.36 1 13
github.com/kernel-labs-ai/awt/internal/safety/safety.go:212.36,214.3 1 1
github.com/kernel-labs-ai/awt/internal/safety/safety.go:217.2,218.33 2 12
github.com/kernel-labs-ai/awt/internal/safety/safety.go:218.33,219.37 1 82
github.com/kernel-labs-ai/awt/internal/safety/safety.go:219.37,221.4 1 9
github.com/kernel-labs-ai/awt/internal/safety/safety.go:224.2,224.12 1 3
github.com/kernel-labs-ai/awt/internal/safety/safety.go:228.59,229.19 1 7
github.com/kernel-labs-ai/awt/internal/safety/safety.go:229.19,231.3 1 1
github.com/kernel-labs-ai/awt/internal/safety/safety.go:234.2,234.37 1 6
github.com/kernel-labs-ai/awt/internal/safety/safety.go:234.37,236.3 1 1
github.com/kernel-labs-ai/awt/internal/safety/safety.go:239.2,239.28 1 5
github.com/kernel-labs-ai/awt/internal/safety/safety.go:239.28,240.25 1 117
github.com/kernel-labs-ai/awt/internal/safety/safety.go:240.25,242.4 1 2
github.com/kernel-labs-ai/awt/internal/safety/safety.go:245.2,245.12 1 3
github.com/kernel-labs-ai/awt/internal/safety/safety.go:249.45,253.33 3 8
github.com/kernel-labs-ai/awt/internal/safety/safety.go:253.33,255.3 1 96
github.com/kernel-labs-ai/awt/internal/safety/safety.go:258.2,266.30 5 8
github.com/kernel-labs-ai/awt/internal/safety/safety.go:266.30,267.26 1 97
github.com/kernel-labs-ai/awt/internal/safety/safety.go:267.26,269.4 1 97
github.com/kernel-labs-ai/awt/internal/safety/safety.go:272.2,275.40 2 8
github.com/kernel-labs-ai/awt/internal/safety/safety.go:275.40,277.3 1 3
github.com/kernel-labs-ai/awt/internal/safety/safety.go:280.2,280.21 1 8
github.com/kernel-labs-ai/awt/internal/safety/safety.go:280.21,282.3 1 1
github.com/kernel-labs-ai/awt/internal/safety/safety.go:284.2,284.18 1 8
github.com/kernel-labs-ai/awt/internal/safety/safety.go:288.45,295.40 4 6
github.com/kernel-labs-ai/awt/internal/safety/safety.go:295.40,297.3 1 2
github.com/kernel-labs-ai/awt/internal/safety/safety.go:300.2,303.26 2 6
github.com/kernel-labs-ai/awt/internal/safety/safety.go:303.26,305.3 1 1
github.com/kernel-labs-ai/awt/internal/safety/safety.go:307.2,307.18 1 6
github.com/kernel-labs-ai/awt/internal/repo/repo.go:25.51,27.45 1 1
github.com/kernel-labs-ai/awt/internal/repo/repo.go:27.45,29.3 1 0
github.com/kernel-labs-ai/awt/internal/repo/repo.go:35.2,36.16 2 1
github.com/kernel-labs-ai/awt/internal/repo/repo.go:36.16,38.3 1 0
github.com/kernel-labs-ai/awt/internal/repo/repo.go:41.2,42.16 2 1
github.com/kernel-labs-ai/awt/internal/repo/repo.go:42.16,44.3 1 0
github.com/kernel-labs-ai/awt/internal/repo/repo.go:46.2,49.8 1 1
github.com/kernel-labs-ai/awt/internal/repo/repo.go:53.55,55.20 2 2
github.com/kernel-labs-ai/awt/internal/repo/repo.go:55.20,57.3 1 0
github.com/kernel-labs-ai/awt/internal/repo/repo.go:59.2,60.16 2 2
github.com/kernel-labs-ai/awt/internal/repo/repo.go:60.16,62.3 1 0
github.com/kernel-labs-ai/awt/internal/repo/repo.go:64.2,64.47 1 2
github.com/kernel-labs-ai/awt/internal/repo/repo.go:68.55,70.20 2 1
github.com/kernel-labs-ai/awt/internal/repo/repo.go:70.20,72.3 1 0
github.com/kernel-labs-ai/awt/internal/repo/repo.go:74.2,75.16 2 1
github.com/kernel-labs-ai/awt/internal/repo/repo.go:75.16,77.3 1 0
github.com/kernel-labs-ai/awt/internal/repo/repo.go:79.2,83.27 2 1
github.com/kernel-labs-ai/awt/internal/repo/repo.go:83.27,86.17 2 1
github.com/kernel-labs-ai/awt/internal/repo/repo.go:86.17,88.4 1 0
github.com/kernel-labs-ai/awt/internal/repo/repo.go:89.3,89.37 1 1
github.com/kernel-labs-ai/awt/internal/repo/repo.go:93.2,94.16 2 1
github.com/kernel-labs-ai/awt/internal/repo/repo.go:94.16,96.3 1 0
github.com/kernel-labs-ai/awt/internal/repo/repo.go:98.2,98.21 1 1
github.com/kernel-labs-ai/awt/internal/repo/repo.go:102.33,105.16 3 2
github.com/kernel-labs-ai/awt/internal/repo/repo.go:105.16,107.3 1 0
github.com/kernel-labs-ai/awt/internal/repo/repo.go:109.2,112.20 3 2
github.com/kernel-labs-ai/awt/internal/repo/repo.go:112.20,114.3 1 0
github.com/kernel-labs-ai/awt/internal/repo/repo.go:116.2,119.50 2 2
github.com/kernel-labs-ai/awt/internal/repo/repo.go:119.50,121.3 1 0
github.com/kernel-labs-ai/awt/internal/repo/repo.go:123.2,123.12 1 2
github.com/kernel-labs-ai/awt/internal/repo/repo.go:128.56,133.42 3 8
github.com/kernel-labs-ai/awt/internal/repo/repo.go:133.42,135.3 1 0
github.com/kernel-labs-ai/awt/internal/repo/repo.go:138.2,138.29 1 8
github.com/kernel-labs-ai/awt/internal/repo/repo.go:138.29,140.3 1 1
github.com/kernel-labs-ai/awt/internal/repo/repo.go:141.2,141.29 1 7
github.com/kernel-labs-ai/awt/internal/repo/repo.go:141.29,143.3 1 1
github.com/kernel-labs-ai/awt/internal/repo/repo.go:146.2,146.33 1 6
github.com/kernel-labs-ai/awt/internal/lock/lock.go:33.55,37.2 1 6
github.com/kernel-labs-ai/awt/internal/lock/lock.go:40.74,42.2 1 8
github.com/kernel-labs-ai/awt/internal/lock/lock.go:45.87,47.2 1 3
github.com/kernel-labs-ai/awt/internal/lock/lock.go:50.85,52.55 1 21
github.com/kernel-labs-ai/awt/internal/lock/lock.go:52.55,54.3 1 0
github.com/kernel-labs-ai/awt/internal/lock/lock.go:56.2,60.18 3 21
github.com/kernel-labs-ai/awt/internal/lock/lock.go:60.18,66.3 4 18
github.com/kernel-labs-ai/awt/internal/lock/lock.go:68.2,69.6 2 21
github.com/kernel-labs-ai/awt/internal/lock/lock.go:69.6,72.17 2 75
github.com/kernel-labs-ai/awt/internal/lock/lock.go:72.17,74.4 1 18
github.com/kernel-labs-ai/awt/internal/lock/lock.go:77.3,77.10 1 57
github.com/kernel-labs-ai/awt/internal/lock/lock.go:78.21,80.94 2 3
github.com/kernel-labs-ai/awt/internal/lock/lock.go:81.11,81.11 0 54
github.com/kernel-labs-ai/awt/internal/lock/lock.go:85.3,85.33 1 54
github.com/kernel-labs-ai/awt/internal/lock/lock.go:85.33,88.4 2 0
github.com/kernel-labs-ai/awt/internal/lock/lock.go:91.3,91.28 1 54
github.com/kernel-labs-ai/awt/internal/lock/lock.go:96.53,99.16 2 76
github.com/kernel-labs-ai/awt/internal/lock/lock.go:99.16,101.3 1 0
github.com/kernel-labs-ai/awt/internal/lock/lock.go:104.2,105.16 2 76
github.com/kernel-labs-ai/awt/internal/lock/lock.go:105.16,111.3 1 19
github.com/kernel-labs-ai/awt/internal/lock/lock.go:114.2,114.51 1 57
github.com/kernel-labs-ai/awt/internal/lock/lock.go:114.51,117.3 2 57
github.com/kernel-labs-ai/awt/internal/lock/lock.go:120.2,125.16 4 0
github.com/kernel-labs-ai/awt/internal/lock/lock.go:125.16,126.22 1 0
github.com/kernel-labs-ai/awt/internal/lock/lock.go:126.22,129.4 1 0
github.com/kernel-labs-ai/awt/internal/lock/lock.go:130.3,130.69 1 0
github.com/kernel-labs-ai/awt/internal/lock/lock.go:134.2,140.8 3 0
github.com/kernel-labs-ai/awt/internal/lock/lock.go:144.32,145.19 1 20
github.com/kernel-labs-ai/awt/internal/lock/lock.go:145.19,147.3 1 1
github.com/kernel-labs-ai/awt/internal/lock/lock.go:150.2,153.39 2 19
github.com/kernel-labs-ai/awt/internal/lock/lock.go:153.39,155.3 1 0
github.com/kernel-labs-ai/awt/internal/lock/lock.go:158.2,158.42 1 19
github.com/kernel-labs-ai/awt/internal/lock/lock.go:158.42,159.66 1 0
github.com/kernel-labs-ai/awt/internal/lock/lock.go:159.66,161.4 1 0
github.com/kernel-labs-ai/awt/internal/lock/lock.go:164.2,165.12 2 19
github.com/kernel-labs-ai/awt/internal/lock/lock.go:170.40,172.16 2 1
github.com/kernel-labs-ai/awt/internal/lock/lock.go:172.16,173.25 1 0
github.com/kernel-labs-ai/awt/internal/lock/lock.go:173.25,175.4 1 0
github.com/kernel-labs-ai/awt/internal/lock/lock.go:176.3,176.63 1 0
github.com/kernel-labs-ai/awt/internal/lock/lock.go:179.2,179.32 1 1
github.com/kernel-labs-ai/awt/internal/lock/lock.go:179.32,180.20 1 1
github.com/kernel-labs-ai/awt/internal/lock/lock.go:180.20,181.12 1 0
github.com/kernel-labs-ai/awt/internal/lock/lock.go:184.3,188.17 3 1
github.com/kernel-labs-ai/awt/internal/lock/lock.go:188.17,192.41 2 1
github.com/kernel-labs-ai/awt/internal/lock/lock.go:192.41,194.5 1 1
github.com/kernel-labs-ai/awt/internal/lock/lock.go:199.2,199.12 1 1
github.com/kernel-labs-ai/awt/internal/task/task.go:67.51,71.2 1 2
github.com/kernel-labs-ai/awt/internal/task/task.go:74.45,76.55 1 11
github.com/kernel-labs-ai/awt/internal/task/task.go:76.55,78.3 1 0
github.com/kernel-labs-ai/awt/internal/task/task.go:81.2,82.16 2 11
github.com/kernel-labs-ai/awt/internal/task/task.go:82.16,84.3 1 0
github.com/kernel-labs-ai/awt/internal/task/task.go:87.2,91.59 3 11
github.com/kernel-labs-ai/awt/internal/task/task.go:91.59,93.3 1 0
github.com/kernel-labs-ai/awt/internal/task/task.go:96.2,96.54 1 11
github.com/kernel-labs-ai/awt/internal/task/task.go:96.54,100.3 2 0
github.com/kernel-labs-ai/awt/internal/task/task.go:102.2,102.12 1 11
github.com/kernel-labs-ai/awt/internal/task/task.go:106.57,110.16 3 4
github.com/kernel-labs-ai/awt/internal/task/task.go:110.16,111.25 1 1
github.com/kernel-labs-ai/awt/internal/task/task.go:111.25,113.4 1 1
github.com/kernel-labs-ai/awt/internal/task/task.go:114.3,114.62 1 0
github.com/kernel-labs-ai/awt/internal/task/task.go:117.2,118.52 2 3
github.com/kernel-labs-ai/awt/internal/task/task.go:118.52,120.3 1 0
github.com/kernel-labs-ai/awt/internal/task/task.go:123.2,123.40 1 3
github.com/kernel-labs-ai/awt/internal/task/task.go:123.40,125.3 1 0
github.com/kernel-labs-ai/awt/internal/task/task.go:127.2,127.19 1 3
github.com/kernel-labs-ai/awt/internal/task/task.go:131.46,133.16 2 1
github.com/kernel-labs-ai/awt/internal/task/task.go:133.16,134.25 1 0
github.com/kernel-labs-ai/awt/internal/task/task.go:134.25,136.4 1 0
github.com/kernel-labs-ai/awt/internal/task/task.go:137.3,137.68 1 0
github.com/kernel-labs-ai/awt/internal/task/task.go:140.2,141.32 2 1
github.com/kernel-labs-ai/awt/internal/task/task.go:141.32,142.61 1 1
github.com/kernel-labs-ai/awt/internal/task/task.go:142.61,143.12 1 0
github.com/kernel-labs-ai/awt/internal/task/task.go:146.3,148.17 3 1
github.com/kernel-labs-ai/awt/internal/task/task.go:148.17,150.12 1 0
github.com/kernel-labs-ai/awt/internal/task/task.go:152.3,152.30 1 1
github.com/kernel-labs-ai/awt/internal/task/task.go:155.2,155.19 1 1
github.com/kernel-labs-ai/awt/internal/task/task.go:159.50,161.67 2 1
github.com/kernel-labs-ai/awt/internal/task/task.go:161.67,163.3 1 0
github.com/kernel-labs-ai/awt/internal/task/task.go:164.2,164.12 1 1
github.com/kernel-labs-ai/awt/internal/task/task.go:168.53,170.2 1 16
github.com/kernel-labs-ai/awt/internal/task/task.go:173.33,174.16 1 11
github.com/kernel-labs-ai/awt/internal/task/task.go:174.16,176.3 1 1
github.com/kernel-labs-ai/awt/internal/task/task.go:177.2,177.19 1 10
github.com/kernel-labs-ai/awt/internal/task/task.go:177.19,179.3 1 1
github.com/kernel-labs-ai/awt/internal/task/task.go:180.2,180.19 1 9
github.com/kernel-labs-ai/awt/internal/task/task.go:180.19,182.3 1 1
github.com/kernel-labs-ai/awt/internal/task/task.go:183.2,183.20 1 8
github.com/kernel-labs-ai/awt/internal/task/task.go:183.20,185.3 1 1
github.com/kernel-labs-ai/awt/internal/task/task.go:186.2,186.18 1 7
github.com/kernel-labs-ai/awt/internal/task/task.go:186.18,188.3 1 1
github.com/kernel-labs-ai/awt/internal/task/task.go:189.2,189.19 1 6
github.com/kernel-labs-ai/awt/internal/task/task.go:189.19,191.3 1 1
github.com/kernel-labs-ai/awt/internal/task/task.go:194.2,194.17 1 5
github.com/kernel-labs-ai/awt/internal/task/task.go:195.77,195.77 0 4
github.com/kernel-labs-ai/awt/internal/task/task.go:197.10,198.50 1 1
github.com/kernel-labs-ai/awt/internal/task/task.go:201.2,201.12 1 4
github.com/kernel-labs-ai/awt/internal/git/git.go:21.50,26.2 1 10
github.com/kernel-labs-ai/awt/internal/git/git.go:36.52,40.15 2 19
github.com/kernel-labs-ai/awt/internal/git/git.go:40.15,42.3 1 0
github.com/kernel-labs-ai/awt/internal/git/git.go:44.2,58.16 7 19
github.com/kernel-labs-ai/awt/internal/git/git.go:58.16,59.47 1 3
github.com/kernel-labs-ai/awt/internal/git/git.go:59.47,61.4 1 3
github.com/kernel-labs-ai/awt/internal/git/git.go:61.9,63.4 1 0
github.com/kernel-labs-ai/awt/internal/git/git.go:66.2,66.20 1 19
github.com/kernel-labs-ai/awt/internal/git/git.go:70.77,72.2 1 1
github.com/kernel-labs-ai/awt/internal/git/git.go:75.73,77.2 1 0
github.com/kernel-labs-ai/awt/internal/git/git.go:80.72,82.11 2 1
github.com/kernel-labs-ai/awt/internal/git/git.go:82.11,84.3 1 0
github.com/kernel-labs-ai/awt/internal/git/git.go:85.2,86.23 2 1
github.com/kernel-labs-ai/awt/internal/git/git.go:90.48,92.2 1 1
github.com/kernel-labs-ai/awt/internal/git/git.go:95.51,97.16 2 4
github.com/kernel-labs-ai/awt/internal/git/git.go:97.16,99.3 1 0
github.com/kernel-labs-ai/awt/internal/git/git.go:101.2,101.26 1 4
github.com/kernel-labs-ai/awt/internal/git/git.go:101.26,103.3 1 0
github.com/kernel-labs-ai/awt/internal/git/git.go:105.2,105.46 1 4
github.com/kernel-labs-ai/awt/internal/git/git.go:116.51,121.29 4 5
github.com/kernel-labs-ai/awt/internal/git/git.go:121.29,123.17 2 32
github.com/kernel-labs-ai/awt/internal/git/git.go:123.17,124.22 1 5
github.com/kernel-labs-ai/awt/internal/git/git.go:124.22,127.5 2 5
github.com/kernel-labs-ai/awt/internal/git/git.go:128.4,128.12 1 5
github.com/kernel-labs-ai/awt/internal/git/git.go:131.3,131.43 1 27
github.com/kernel-labs-ai/awt/internal/git/git.go:131.43,135.4 1 9
github.com/kernel-labs-ai/awt/internal/git/git.go:135.9,135.66 1 18
github.com/kernel-labs-ai/awt/internal/git/git.go:135.66,137.4 1 8
github.com/kernel-labs-ai/awt/internal/git/git.go:137.9,137.64 1 10
github.com/kernel-labs-ai/awt/internal/git/git.go:137.64,139.4 1 9
github.com/kernel-labs-ai/awt/internal/git/git.go:142.2,142.20 1 5
github.com/kernel-labs-ai/awt/internal/git/git.go:142.20,144.3 1 4
github.com/kernel-labs-ai/awt/internal/git/git.go:146.2,146.18 1 5
github.com/kernel-labs-ai/awt/internal/git/git.go:150.69,152.18 2 1
github.com/kernel-labs-ai/awt/internal/git/git.go:152.18,154.20 2 0
github.com/kernel-labs-ai/awt/internal/git/git.go:154.20,156.4 1 0
github.com/kernel-labs-ai/awt/internal/git/git.go:158.2,158.23 1 1
github.com/kernel-labs-ai/awt/internal/git/git.go:162.49,164.2 1 0
github.com/kernel-labs-ai/awt/internal/git/git.go:167.50,169.2 1 0
github.com/kernel-labs-ai/awt/internal/git/git.go:172.54,174.2 1 0
github.com/kernel-labs-ai/awt/internal/git/git.go:177.53,179.2 1 0
github.com/kernel-labs-ai/awt/internal/git/git.go:182.64,184.12 2 0
github.com/kernel-labs-ai/awt/internal/git/git.go:184.12,186.3 1 0
github.com/kernel-labs-ai/awt/internal/git/git.go:187.2,188.23 2 0
github.com/kernel-labs-ai/awt/internal/git/git.go:192.88,196.2 2 0
github.com/kernel-labs-ai/awt/internal/git/git.go:199.57,201.16 2 3
github.com/kernel-labs-ai/awt/internal/git/git.go:201.16,203.3 1 0
github.com/kernel-labs-ai/awt/internal/git/git.go:204.2,204.34 1 3
github.com/kernel-labs-ai/awt/internal/git/git.go:208.71,210.16 2 1
github.com/kernel-labs-ai/awt/internal/git/git.go:210.16,212.3 1 0
github.com/kernel-labs-ai/awt/internal/git/git.go:214.2,214.31 1 1
github.com/kernel-labs-ai/awt/internal/git/git.go:214.31,215.40 1 2
github.com/kernel-labs-ai/awt/internal/git/git.go:215.40,217.4 1 1
github.com/kernel-labs-ai/awt/internal/git/git.go:220.2,220.23 1 0
github.com/kernel-labs-ai/awt/internal/git/git.go:224.53,226.2 1 2
github.com/kernel-labs-ai/awt/internal/git/git.go:229.93,231.9 2 1
github.com/kernel-labs-ai/awt/internal/git/git.go:231.9,233.3 1 0
github.com/kernel-labs-ai/awt/internal/git/git.go:234.2,234.13 1 1
github.com/kernel-labs-ai/awt/internal/git/git.go:234.13,236.3 1 0
github.com/kernel-labs-ai/awt/internal/git/git.go:237.2,237.13 1 1
github.com/kernel-labs-ai/awt/internal/git/git.go:237.13,239.3 1 0
github.com/kernel-labs-ai/awt/internal/git/git.go:240.2,240.23 1 1
github.com/kernel-labs-ai/awt/internal/git/git.go:244.90,246.17 2 0
github.com/kernel-labs-ai/awt/internal/git/git.go:246.17,248.3 1 0
github.com/kernel-labs-ai/awt/internal/git/git.go:249.2,249.11 1 0
github.com/kernel-labs-ai/awt/internal/git/git.go:249.11,251.3 1 0
github.com/kernel-labs-ai/awt/internal/git/git.go:252.2,253.23 2 0
github.com/kernel-labs-ai/awt/internal/git/git.go:257.52,259.16 2 1
github.com/kernel-labs-ai/awt/internal/git/git.go:259.16,261.3 1 0
github.com/kernel-labs-ai/awt/internal/git/git.go:262.2,262.26 1 1
github.com/kernel-labs-ai/awt/internal/git/git.go:262.26,264.3 1 0
github.com/kernel-labs-ai/awt/internal/git/git.go:265.2,265.46 1 1
github.com/kernel-labs-ai/awt/internal/git/git.go:269.41,271.2 1 1
github.com/kernel-labs-ai/awt/internal/git/git.go:274.73,276.2 1 0
github.com/kernel-labs-ai/awt/internal/git/git.go:279.90,281.2 1 0
github.com/kernel-labs-ai/awt/internal/git/git.go:284.47,286.16 2 1
github.com/kernel-labs-ai/awt/internal/git/git.go:286.16,288.3 1 0
github.com/kernel-labs-ai/awt/internal/git/git.go:289.2,289.26 1 1
github.com/kernel-labs-ai/awt/internal/git/git.go:289.26,291.3 1 0
github.com/kernel-labs-ai/awt/internal/git/git.go:292.2,292.27 1 1
github.com/kernel-labs-ai/awt/cmd/awt/main.go:18.13,28.48 2 0
github.com/kernel-labs-ai/awt/cmd/awt/main.go:28.48,32.4 3 0
github.com/kernel-labs-ai/awt/cmd/awt/main.go:36.2,43.42 7 0
github.com/kernel-labs-ai/awt/cmd/awt/main.go:43.42,45.3 1 0
github.com/kernel-labs-ai/awt/internal/commands/adopt.go:38.39,52.55 2 0
github.com/kernel-labs-ai/awt/internal/commands/adopt.go:52.55,54.4 1 0
github.com/kernel-labs-ai/awt/internal/commands/adopt.go:57.2,68.12 10 0
github.com/kernel-labs-ai/awt/internal/commands/adopt.go:71.45,74.16 2 0
github.com/kernel-labs-ai/awt/internal/commands/adopt.go:74.16,76.3 1 0
github.com/kernel-labs-ai/awt/internal/commands/adopt.go:78.2,85.47 4 0
github.com/kernel-labs-ai/awt/internal/commands/adopt.go:85.47,87.3 1 0
github.com/kernel-labs-ai/awt/internal/commands/adopt.go:89.2,90.16 2 0
github.com/kernel-labs-ai/awt/internal/commands/adopt.go:90.16,92.3 1 0
github.com/kernel-labs-ai/awt/internal/commands/adopt.go:93.2,93.13 1 0
github.com/kernel-labs-ai/awt/internal/commands/adopt.go:93.13,95.3 1 0
github.com/kernel-labs-ai/awt/internal/commands/adopt.go:98.2,99.16 2 0
github.com/kernel-labs-ai/awt/internal/commands/adopt.go:99.16,103.44 2 0
github.com/kernel-labs-ai/awt/internal/commands/adopt.go:103.44,105.37 2 0
github.com/kernel-labs-ai/awt/internal/commands/adopt.go:105.37,107.10 2 0
github.com/kernel-labs-ai/awt/internal/commands/adopt.go:110.3,110.17 1 0
github.com/kernel-labs-ai/awt/internal/commands/adopt.go:110.17,112.4 1 0
github.com/kernel-labs-ai/awt/internal/commands/adopt.go:116.2,117.18 2 0
github.com/kernel-labs-ai/awt/internal/commands/adopt.go:117.18,119.17 2 0
github.com/kernel-labs-ai/awt/internal/commands/adopt.go:119.17,121.4 1 0
github.com/kernel-labs-ai/awt/internal/commands/adopt.go:122.8,122.42 1 0
github.com/kernel-labs-ai/awt/internal/commands/adopt.go:122.42,124.3 1 0
github.com/kernel-labs-ai/awt/internal/commands/adopt.go:127.2,128.17 2 0
github.com/kernel-labs-ai/awt/internal/commands/adopt.go:128.17,139.3 7 0
github.com/kernel-labs-ai/awt/internal/commands/adopt.go:142.2,155.35 3 0
github.com/kernel-labs-ai/awt/internal/commands/adopt.go:155.35,157.3 1 0
github.com/kernel-labs-ai/awt/internal/commands/adopt.go:160.2,160.38 1 0
github.com/kernel-labs-ai/awt/internal/commands/adopt.go:160.38,162.3 1 0
github.com/kernel-labs-ai/awt/internal/commands/adopt.go:165.2,165.21 1 0
github.com/kernel-labs-ai/awt/internal/commands/adopt.go:165.21,175.3 3 0
github.com/kernel-labs-ai/awt/internal/commands/adopt.go:175.8,183.3 7 0
github.com/kernel-labs-ai/awt/internal/commands/adopt.go:185.2,185.12 1 0
github.com/kernel-labs-ai/awt/internal/commands/checkout.go:35.42,55.55 2 0
github.com/kernel-labs-ai/awt/internal/commands/checkout.go:55.55,56.21 1 0
github.com/kernel-labs-ai/awt/internal/commands/checkout.go:56.21,58.5 1 0
github.com/kernel-labs-ai/awt/internal/commands/checkout.go:59.4,59.32 1 0
github.com/kernel-labs-ai/awt/internal/commands/checkout.go:63.2,69.12 6 0
github.com/kernel-labs-ai/awt/internal/commands/checkout.go:72.51,75.16 2 0
github.com/kernel-labs-ai/awt/internal/commands/checkout.go:75.16,77.3 1 0
github.com/kernel-labs-ai/awt/internal/commands/checkout.go:79.2,84.39 3 0
github.com/kernel-labs-ai/awt/internal/commands/checkout.go:84.39,87.19 2 0
github.com/kernel-labs-ai/awt/internal/commands/checkout.go:87.19,89.4 1 0
github.com/kernel-labs-ai/awt/internal/commands/checkout.go:92.2,92.18 1 0
github.com/kernel-labs-ai/awt/internal/commands/checkout.go:92.18,94.3 1 0
github.com/kernel-labs-ai/awt/internal/commands/checkout.go:97.2,98.16 2 0
github.com/kernel-labs-ai/awt/internal/commands/checkout.go:98.16,100.3 1 0
github.com/kernel-labs-ai/awt/internal/commands/checkout.go:103.2,104.24 2 0
github.com/kernel-labs-ai/awt/internal/commands/checkout.go:104.24,106.3 1 0
github.com/kernel-labs-ai/awt/internal/commands/checkout.go:106.8,109.3 1 0
github.com/kernel-labs-ai/awt/internal/commands/checkout.go:112.2,115.16 4 0
github.com/kernel-labs-ai/awt/internal/commands/checkout.go:115.16,117.3 1 0
github.com/kernel-labs-ai/awt/internal/commands/checkout.go:118.2,125.16 4 0
github.com/kernel-labs-ai/awt/internal/commands/checkout.go:125.16,127.3 1 0
github.com/kernel-labs-ai/awt/internal/commands/checkout.go:129.2,129.31 1 0
github.com/kernel-labs-ai/awt/internal/commands/checkout.go:129.31,132.23 3 0
github.com/kernel-labs-ai/awt/internal/commands/checkout.go:132.23,134.4 1 0
github.com/kernel-labs-ai/awt/internal/commands/checkout.go:138.2,139.62 2 0
github.com/kernel-labs-ai/awt/internal/commands/checkout.go:139.62,141.3 1 0
github.com/kernel-labs-ai/awt/internal/commands/checkout.go:143.2,144.40 2 0
github.com/kernel-labs-ai/awt/internal/commands/checkout.go:144.40,146.3 1 0
github.com/kernel-labs-ai/awt/internal/commands/checkout.go:149.2,149.21 1 0
github.com/kernel-labs-ai/awt/internal/commands/checkout.go:149.21,152.44 3 0
github.com/kernel-labs-ai/awt/internal/commands/checkout.go:152.44,154.4 1 0
github.com/kernel-labs-ai/awt/internal/commands/checkout.go:158.2,158.21 1 0
github.com/kernel-labs-ai/awt/internal/commands/checkout.go:158.21,166.3 3 0
github.com/kernel-labs-ai/awt/internal/commands/checkout.go:166.8,171.22 5 0
github.com/kernel-labs-ai/awt/internal/commands/checkout.go:171.22,173.4 1 0
github.com/kernel-labs-ai/awt/internal/commands/checkout.go:176.2,176.12 1 0
github.com/kernel-labs-ai/awt/internal/commands/commit.go:37.40,60.55 2 0
github.com/kernel-labs-ai/awt/internal/commands/commit.go:60.55,61.21 1 0
github.com/kernel-labs-ai/awt/internal/commands/commit.go:61.21,63.5 1 0
github.com/kernel-labs-ai/awt/internal/commands/commit.go:64.4,64.30 1 0
github.com/kernel-labs-ai/awt/internal/commands/commit.go:68.2,76.12 8 0
github.com/kernel-labs-ai/awt/internal/commands/commit.go:79.47,82.16 2 0
github.com/kernel-labs-ai/awt/internal/commands/commit.go:82.16,84.3 1 0
github.com/kernel-labs-ai/awt/internal/commands/commit.go:86.2,91.39 3 0
github.com/kernel-labs-ai/awt/internal/commands/commit.go:91.39,94.19 2 0
github.com/kernel-labs-ai/awt/internal/commands/commit.go:94.19,96.4 1 0
github.com/kernel-labs-ai/awt/internal/commands/commit.go:99.2,99.18 1 0
github.com/kernel-labs-ai/awt/internal/commands/commit.go:99.18,102.17 2 0
github.com/kernel-labs-ai/awt/internal/commands/commit.go:102.17,104.4 1 0
github.com/kernel-labs-ai/awt/internal/commands/commit.go:108.2,109.16 2 0
github.com/kernel-labs-ai/awt/internal/commands/commit.go:109.16,111.3 1 0
github.com/kernel-labs-ai/awt/internal/commands/commit.go:114.2,117.14 2 0
github.com/kernel-labs-ai/awt/internal/commands/commit.go:117.14,119.41 2 0
github.com/kernel-labs-ai/awt/internal/commands/commit.go:119.41,121.4 1 0
github.com/kernel-labs-ai/awt/internal/commands/commit.go:125.2,126.19 2 0
github.com/kernel-labs-ai/awt/internal/commands/commit.go:126.19,128.3 1 0
github.com/kernel-labs-ai/awt/internal/commands/commit.go:131.2,132.65 2 0
github.com/kernel-labs-ai/awt/internal/commands/commit.go:132.65,134.3 1 0
github.com/kernel-labs-ai/awt/internal/commands/commit.go:137.2,141.40 3 0
github.com/kernel-labs-ai/awt/internal/commands/commit.go:141.40,143.59 1 0
github.com/kernel-labs-ai/awt/internal/commands/commit.go:143.59,145.4 1 0
github.com/kernel-labs-ai/awt/internal/commands/commit.go:146.3,146.68 1 0
github.com/kernel-labs-ai/awt/internal/commands/commit.go:146.68,148.4 1 0
github.com/kernel-labs-ai/awt/internal/commands/commit.go:149.3,149.59 1 0
github.com/kernel-labs-ai/awt/internal/commands/commit.go:153.2,154.35 2 0
github.com/kernel-labs-ai/awt/internal/commands/commit.go:154.35,156.3 1 0
github.com/kernel-labs-ai/awt/internal/commands/commit.go:159.2,160.38 2 0
github.com/kernel-labs-ai/awt/internal/commands/commit.go:160.38,162.3 1 0
github.com/kernel-labs-ai/awt/internal/commands/commit.go:165.2,165.21 1 0
github.com/kernel-labs-ai/awt/internal/commands/commit.go:165.21,173.3 3 0
github.com/kernel-labs-ai/awt/internal/commands/commit.go:173.8,177.23 4 0
github.com/kernel-labs-ai/awt/internal/commands/commit.go:177.23,181.4 2 0
github.com/kernel-labs-ai/awt/internal/commands/commit.go:184.2,184.12 1 0
github.com/kernel-labs-ai/awt/internal/commands/commit.go:188.56,201.2 7 0
github.com/kernel-labs-ai/awt/internal/commands/config.go:24.36,51.2 7 0
github.com/kernel-labs-ai/awt/internal/commands/config.go:54.40,67.55 2 0
github.com/kernel-labs-ai/awt/internal/commands/config.go:67.55,69.4 1 0
github.com/kernel-labs-ai/awt/internal/commands/config.go:72.2,75.12 3 0
github.com/kernel-labs-ai/awt/internal/commands/config.go:79.39,102.55 2 0
github.com/kernel-labs-ai/awt/internal/commands/config.go:102.55,105.4 2 0
github.com/kernel-labs-ai/awt/internal/commands/config.go:108.2,110.12 2 0
github.com/kernel-labs-ai/awt/internal/commands/config.go:114.39,134.55 2 0
github.com/kernel-labs-ai/awt/internal/commands/config.go:134.55,138.4 3 0
github.com/kernel-labs-ai/awt/internal/commands/config.go:141.2,144.12 3 0
github.com/kernel-labs-ai/awt/internal/commands/config.go:148.41,165.55 2 0
github.com/kernel-labs-ai/awt/internal/commands/config.go:165.55,168.4 2 0
github.com/kernel-labs-ai/awt/internal/commands/config.go:171.2,174.12 3 0
github.com/kernel-labs-ai/awt/internal/commands/config.go:178.40,192.55 2 0
github.com/kernel-labs-ai/awt/internal/commands/config.go:192.55,194.4 1 0
github.com/kernel-labs-ai/awt/internal/commands/config.go:197.2,200.12 3 0
github.com/kernel-labs-ai/awt/internal/commands/config.go:203.47,206.60 2 0
github.com/kernel-labs-ai/awt/internal/commands/config.go:206.60,208.3 1 0
github.com/kernel-labs-ai/awt/internal/commands/config.go:208.8,211.3 1 0
github.com/kernel-labs-ai/awt/internal/commands/config.go:213.2,215.16 3 0
github.com/kernel-labs-ai/awt/internal/commands/config.go:215.16,217.3 1 0
github.com/kernel-labs-ai/awt/internal/commands/config.go:219.2,219.21 1 0
github.com/kernel-labs-ai/awt/internal/commands/config.go:219.21,222.3 2 0
github.com/kernel-labs-ai/awt/internal/commands/config.go:222.8,233.3 10 0
github.com/kernel-labs-ai/awt/internal/commands/config.go:235.2,235.12 1 0
github.com/kernel-labs-ai/awt/internal/commands/config.go:238.58,241.60 2 0
github.com/kernel-labs-ai/awt/internal/commands/config.go:241.60,243.3 1 0
github.com/kernel-labs-ai/awt/internal/commands/config.go:243.8,245.3 1 0
github.com/kernel-labs-ai/awt/internal/commands/config.go:247.2,249.16 3 0
github.com/kernel-labs-ai/awt/internal/commands/config.go:249.16,251.3 1 0
github.com/kernel-labs-ai/awt/internal/commands/config.go:253.2,254.16 2 0
github.com/kernel-labs-ai/awt/internal/commands/config.go:254.16,256.3 1 0
github.com/kernel-labs-ai/awt/internal/commands/config.go:258.2,259.12 2 0
github.com/kernel-labs-ai/awt/internal/commands/config.go:262.65,264.26 1 0
github.com/kernel-labs-ai/awt/internal/commands/config.go:264.26,266.17 2 0
github.com/kernel-labs-ai/awt/internal/commands/config.go:266.17,268.4 1 0
github.com/kernel-labs-ai/awt/internal/commands/config.go:269.3,269.33 1 0
github.com/kernel-labs-ai/awt/internal/commands/config.go:272.2,277.53 4 0
github.com/kernel-labs-ai/awt/internal/commands/config.go:277.53,280.3 2 0
github.com/kernel-labs-ai/awt/internal/commands/config.go:280.8,282.3 1 0
github.com/kernel-labs-ai/awt/internal/commands/config.go:285.2,285.56 1 0
github.com/kernel-labs-ai/awt/internal/commands/config.go:285.56,287.3 1 0
github.com/kernel-labs-ai/awt/internal/commands/config.go:290.2,290.53 1 0
github.com/kernel-labs-ai/awt/internal/commands/config.go:290.53,292.3 1 0
github.com/kernel-labs-ai/awt/internal/commands/config.go:294.2,295.12 2 0
github.com/kernel-labs-ai/awt/internal/commands/config.go:298.60,300.26 1 0
github.com/kernel-labs-ai/awt/internal/commands/config.go:300.26,302.17 2 0
github.com/kernel-labs-ai/awt/internal/commands/config.go:302.17,304.4 1 0
github.com/kernel-labs-ai/awt/internal/commands/config.go:305.3,305.33 1 0
github.com/kernel-labs-ai/awt/internal/commands/config.go:308.2,313.16 4 0
github.com/kernel-labs-ai/awt/internal/commands/config.go:313.16,314.25 1 0
github.com/kernel-labs-ai/awt/internal/commands/config.go:314.25,317.4 2 0
github.com/kernel-labs-ai/awt/internal/commands/config.go:318.3,318.54 1 0
github.com/kernel-labs-ai/awt/internal/commands/config.go:321.2,325.51 3 0
github.com/kernel-labs-ai/awt/internal/commands/config.go:325.51,327.3 1 0
github.com/kernel-labs-ai/awt/internal/commands/config.go:330.2,330.53 1 0
github.com/kernel-labs-ai/awt/internal/commands/config.go:330.53,332.3 1 0
github.com/kernel-labs-ai/awt/internal/commands/config.go:334.2,335.12 2 0
github.com/kernel-labs-ai/awt/internal/commands/config.go:338.47,341.26 2 0
github.com/kernel-labs-ai/awt/internal/commands/config.go:341.26,343.17 2 0
github.com/kernel-labs-ai/awt/internal/commands/config.go:343.17,345.4 1 0
github.com/kernel-labs-ai/awt/internal/commands/config.go:346.3,346.32 1 0
github.com/kernel-labs-ai/awt/internal/commands/config.go:349.2,351.16 3 0
github.com/kernel-labs-ai/awt/internal/commands/config.go:351.16,353.3 1 0
github.com/kernel-labs-ai/awt/internal/commands/config.go:355.2,356.12 2 0
github.com/kernel-labs-ai/awt/internal/commands/config.go:359.69,362.13 2 0
github.com/kernel-labs-ai/awt/internal/commands/config.go:363.23,364.31 1 0
github.com/kernel-labs-ai/awt/internal/commands/config.go:365.23,366.31 1 0
github.com/kernel-labs-ai/awt/internal/commands/config.go:367.22,368.30 1 0
github.com/kernel-labs-ai/awt/internal/commands/config.go:369.24,370.52 1 0
github.com/kernel-labs-ai/awt/internal/commands/config.go:371.19,372.47 1 0
github.com/kernel-labs-ai/awt/internal/commands/config.go:373.17,374.45 1 0
github.com/kernel-labs-ai/awt/internal/commands/config.go:375.21,376.29 1 0
github.com/kernel-labs-ai/awt/internal/commands/config.go:377.22,378.44 1 0
github.com/kernel-labs-ai/awt/internal/commands/config.go:379.21,380.49 1 0
github.com/kernel-labs-ai/awt/internal/commands/config.go:381.10,382.62 1 0
github.com/kernel-labs-ai/awt/internal/commands/config.go:386.66,389.13 2 0
github.com/kernel-labs-ai/awt/internal/commands/config.go:390.23,391.27 1 0
github.com/kernel-labs-ai/awt/internal/commands/config.go:392.23,393.27 1 0
github.com/kernel-labs-ai/awt/internal/commands/config.go:394.22,395.26 1 0
github.com/kernel-labs-ai/awt/internal/commands/config.go:396.24,397.39 1 0
github.com/kernel-labs-ai/awt/internal/commands/config.go:398.19,399.34 1 0
github.com/kernel-labs-ai/awt/internal/commands/config.go:400.17,401.32 1 0
github.com/kernel-labs-ai/awt/internal/commands/config.go:402.21,403.25 1 0
github.com/kernel-labs-ai/awt/internal/commands/config.go:404.22,406.33 2 0
github.com/kernel-labs-ai/awt/internal/commands/config.go:406.33,408.4 1 0
github.com/kernel-labs-ai/awt/internal/commands/config.go:409.3,409.28 1 0
github.com/kernel-labs-ai/awt/internal/commands/config.go:410.21,411.36 1 0
github.com/kernel-labs-ai/awt/internal/commands/config.go:412.10,413.58 1 0
github.com/kernel-labs-ai/awt/internal/commands/config.go:416.2,416.12 1 0
github.com/kernel-labs-ai/awt/internal/commands/config.go:419.61,425.13 3 0
github.com/kernel-labs-ai/awt/internal/commands/config.go:426.23,427.43 1 0
github.com/kernel-labs-ai/awt/internal/commands/config.go:428.23,429.43 1 0
github.com/kernel-labs-ai/awt/internal/commands/config.go:430.22,431.41 1 0
github.com/kernel-labs-ai/awt/internal/commands/config.go:432.24,433.45 1 0
github.com/kernel-labs-ai/awt/internal/commands/config.go:434.19,435.35 1 0
github.com/kernel-labs-ai/awt/internal/commands/config.go:436.17,437.31 1 0
github.com/kernel-labs-ai/awt/internal/commands/config.go:438.21,439.39 1 0
github.com/kernel-labs-ai/awt/internal/commands/config.go:440.22,441.41 1 0
github.com/kernel-labs-ai/awt/internal/commands/config.go:442.21,443.39 1 0
github.com/kernel-labs-ai/awt/internal/commands/config.go:444.10,445.58 1 0
github.com/kernel-labs-ai/awt/internal/commands/config.go:448.2,448.12 1 0
github.com/kernel-labs-ai/awt/internal/commands/config.go:451.31,453.11 2 0
github.com/kernel-labs-ai/awt/internal/commands/config.go:454.43,455.14 1 0
github.com/kernel-labs-ai/awt/internal/commands/config.go:456.10,457.15 1 0
github.com/kernel-labs-ai/awt/internal/commands/exec.go:27.38,51.55 2 0
github.com/kernel-labs-ai/awt/internal/commands/exec.go:51.55,59.22 6 0
github.com/kernel-labs-ai/awt/internal/commands/exec.go:59.22,62.20 2 0
github.com/kernel-labs-ai/awt/internal/commands/exec.go:62.20,64.26 1 0
github.com/kernel-labs-ai/awt/internal/commands/exec.go:64.26,66.7 1 0
github.com/kernel-labs-ai/awt/internal/commands/exec.go:67.6,68.11 2 0
github.com/kernel-labs-ai/awt/internal/commands/exec.go:69.11,69.33 1 0
github.com/kernel-labs-ai/awt/internal/commands/exec.go:69.33,70.26 1 0
github.com/kernel-labs-ai/awt/internal/commands/exec.go:70.26,72.7 1 0
github.com/kernel-labs-ai/awt/internal/commands/exec.go:73.6,74.12 2 0
github.com/kernel-labs-ai/awt/internal/commands/exec.go:75.11,75.31 1 0
github.com/kernel-labs-ai/awt/internal/commands/exec.go:75.31,76.26 1 0
github.com/kernel-labs-ai/awt/internal/commands/exec.go:76.26,78.7 1 0
github.com/kernel-labs-ai/awt/internal/commands/exec.go:79.6,80.12 2 0
github.com/kernel-labs-ai/awt/internal/commands/exec.go:81.11,81.46 1 0
github.com/kernel-labs-ai/awt/internal/commands/exec.go:81.46,84.6 2 0
github.com/kernel-labs-ai/awt/internal/commands/exec.go:84.11,88.6 2 0
github.com/kernel-labs-ai/awt/internal/commands/exec.go:91.4,91.25 1 0
github.com/kernel-labs-ai/awt/internal/commands/exec.go:91.25,93.5 1 0
github.com/kernel-labs-ai/awt/internal/commands/exec.go:95.4,100.28 5 0
github.com/kernel-labs-ai/awt/internal/commands/exec.go:104.2,107.12 3 0
github.com/kernel-labs-ai/awt/internal/commands/exec.go:110.43,113.16 2 0
github.com/kernel-labs-ai/awt/internal/commands/exec.go:113.16,115.3 1 0
github.com/kernel-labs-ai/awt/internal/commands/exec.go:117.2,122.39 3 0
github.com/kernel-labs-ai/awt/internal/commands/exec.go:122.39,125.19 2 0
github.com/kernel-labs-ai/awt/internal/commands/exec.go:125.19,127.4 1 0
github.com/kernel-labs-ai/awt/internal/commands/exec.go:130.2,130.18 1 0
github.com/kernel-labs-ai/awt/internal/commands/exec.go:130.18,133.17 2 0
github.com/kernel-labs-ai/awt/internal/commands/exec.go:133.17,135.4 1 0
github.com/kernel-labs-ai/awt/internal/commands/exec.go:139.2,140.16 2 0
github.com/kernel-labs-ai/awt/internal/commands/exec.go:140.16,142.3 1 0
github.com/kernel-labs-ai/awt/internal/commands/exec.go:145.2,145.59 1 0
github.com/kernel-labs-ai/awt/internal/commands/exec.go:145.59,147.3 1 0
github.com/kernel-labs-ai/awt/internal/commands/exec.go:150.2,151.16 2 0
github.com/kernel-labs-ai/awt/internal/commands/exec.go:151.16,153.3 1 0
github.com/kernel-labs-ai/awt/internal/commands/exec.go:156.2,157.16 2 0
github.com/kernel-labs-ai/awt/internal/commands/exec.go:157.16,159.3 1 0
github.com/kernel-labs-ai/awt/internal/commands/exec.go:162.2,162.19 1 0
github.com/kernel-labs-ai/awt/internal/commands/exec.go:162.19,164.3 1 0
github.com/kernel-labs-ai/awt/internal/commands/exec.go:166.2,166.12 1 0
github.com/kernel-labs-ai/awt/internal/commands/exec.go:170.68,183.36 8 0
github.com/kernel-labs-ai/awt/internal/commands/exec.go:183.36,185.3 1 0
github.com/kernel-labs-ai/awt/internal/commands/exec.go:188.2,192.12 3 0
github.com/kernel-labs-ai/awt/internal/commands/exec.go:192.12,193.10 1 0
github.com/kernel-labs-ai/awt/internal/commands/exec.go:194.25,196.26 1 0
github.com/kernel-labs-ai/awt/internal/commands/exec.go:196.26,198.5 1 0
github.com/kernel-labs-ai/awt/internal/commands/exec.go:199.21,200.10 1 0
github.com/kernel-labs-ai/awt/internal/commands/exec.go:205.2,213.16 5 0
github.com/kernel-labs-ai/awt/internal/commands/exec.go:213.16,214.49 1 0
github.com/kernel-labs-ai/awt/internal/commands/exec.go:214.49,216.4 1 0
github.com/kernel-labs-ai/awt/internal/commands/exec.go:216.9,218.4 1 0
github.com/kernel-labs-ai/awt/internal/commands/exec.go:221.2,221.22 1 0
github.com/kernel-labs-ai/awt/internal/commands/handoff.go:41.41,68.55 2 0
github.com/kernel-labs-ai/awt/internal/commands/handoff.go:68.55,69.21 1 0
github.com/kernel-labs-ai/awt/internal/commands/handoff.go:69.21,71.5 1 0
github.com/kernel-labs-ai/awt/internal/commands/handoff.go:72.4,72.31 1 0
github.com/kernel-labs-ai/awt/internal/commands/handoff.go:76.2,84.12 8 0
github.com/kernel-labs-ai/awt/internal/commands/handoff.go:87.49,90.16 2 0
github.com/kernel-labs-ai/awt/internal/commands/handoff.go:90.16,92.3 1 0
github.com/kernel-labs-ai/awt/internal/commands/handoff.go:94.2,99.39 3 0
github.com/kernel-labs-ai/awt/internal/commands/handoff.go:99.39,102.19 2 0
github.com/kernel-labs-ai/awt/internal/commands/handoff.go:102.19,104.4 1 0
github.com/kernel-labs-ai/awt/internal/commands/handoff.go:107.2,107.18 1 0
github.com/kernel-labs-ai/awt/internal/commands/handoff.go:107.18,110.17 2 0
github.com/kernel-labs-ai/awt/internal/commands/handoff.go:110.17,112.4 1 0
github.com/kernel-labs-ai/awt/internal/commands/handoff.go:116.2,117.16 2 0
github.com/kernel-labs-ai/awt/internal/commands/handoff.go:117.16,119.3 1 0
github.com/kernel-labs-ai/awt/internal/commands/handoff.go:122.2,126.46 3 0
github.com/kernel-labs-ai/awt/internal/commands/handoff.go:126.46,127.66 1 0
github.com/kernel-labs-ai/awt/internal/commands/handoff.go:127.66,128.24 1 0
github.com/kernel-labs-ai/awt/internal/commands/handoff.go:128.24,130.5 1 0
github.com/kernel-labs-ai/awt/internal/commands/handoff.go:135.2,135.22 1 0
github.com/kernel-labs-ai/awt/internal/commands/handoff.go:135.22,137.3 1 0
github.com/kernel-labs-ai/awt/internal/commands/handoff.go:139.2,140.44 2 0
github.com/kernel-labs-ai/awt/internal/commands/handoff.go:140.44,142.105 1 0
github.com/kernel-labs-ai/awt/internal/commands/handoff.go:142.105,144.4 1 0
github.com/kernel-labs-ai/awt/internal/commands/handoff.go:146.3,146.23 1 0
github.com/kernel-labs-ai/awt/internal/commands/handoff.go:146.23,148.4 1 0
github.com/kernel-labs-ai/awt/internal/commands/handoff.go:152.2,153.15 2 0
github.com/kernel-labs-ai/awt/internal/commands/handoff.go:153.15,154.23 1 0
github.com/kernel-labs-ai/awt/internal/commands/handoff.go:154.23,156.4 1 0
github.com/kernel-labs-ai/awt/internal/commands/handoff.go:159.3,162.45 3 0
github.com/kernel-labs-ai/awt/internal/commands/handoff.go:162.45,164.4 1 0
github.com/kernel-labs-ai/awt/internal/commands/handoff.go:165.3,165.16 1 0
github.com/kernel-labs-ai/awt/internal/commands/handoff.go:169.2,170.19 2 0
github.com/kernel-labs-ai/awt/internal/commands/handoff.go:170.19,171.17 1 0
github.com/kernel-labs-ai/awt/internal/commands/handoff.go:171.17,173.4 1 0
github.com/kernel-labs-ai/awt/internal/commands/handoff.go:175.3,175.23 1 0
github.com/kernel-labs-ai/awt/internal/commands/handoff.go:175.23,177.4 1 0
github.com/kernel-labs-ai/awt/internal/commands/handoff.go:180.3,183.37 3 0
github.com/kernel-labs-ai/awt/internal/commands/handoff.go:183.37,185.4 1 0
github.com/kernel-labs-ai/awt/internal/commands/handoff.go:188.3,189.18 2 0
github.com/kernel-labs-ai/awt/internal/commands/handoff.go:189.18,191.4 1 0
github.com/kernel-labs-ai/awt/internal/commands/handoff.go:191.9,193.4 1 0
github.com/kernel-labs-ai/awt/internal/commands/handoff.go:195.3,195.43 1 0
github.com/kernel-labs-ai/awt/internal/commands/handoff.go:195.43,197.24 1 0
github.com/kernel-labs-ai/awt/internal/commands/handoff.go:197.24,199.5 1 0
github.com/kernel-labs-ai/awt/internal/commands/handoff.go:200.9,203.19 2 0
github.com/kernel-labs-ai/awt/internal/commands/handoff.go:203.19,205.5 1 0
github.com/kernel-labs-ai/awt/internal/commands/handoff.go:210.2,210.22 1 0
github.com/kernel-labs-ai/awt/internal/commands/handoff.go:210.22,212.3 1 0
github.com/kernel-labs-ai/awt/internal/commands/handoff.go:214.2,215.46 2 0
github.com/kernel-labs-ai/awt/internal/commands/handoff.go:215.46,217.3 1 0
github.com/kernel-labs-ai/awt/internal/commands/handoff.go:220.2,221.24 2 0
github.com/kernel-labs-ai/awt/internal/commands/handoff.go:221.24,224.17 2 0
github.com/kernel-labs-ai/awt/internal/commands/handoff.go:224.17,232.37 5 0
github.com/kernel-labs-ai/awt/internal/commands/handoff.go:232.37,233.25 1 0
github.com/kernel-labs-ai/awt/internal/commands/handoff.go:233.25,236.6 2 0
github.com/kernel-labs-ai/awt/internal/commands/handoff.go:237.5,237.24 1 0
github.com/kernel-labs-ai/awt/internal/commands/handoff.go:238.10,238.43 1 0
github.com/kernel-labs-ai/awt/internal/commands/handoff.go:238.43,240.52 1 0
github.com/kernel-labs-ai/awt/internal/commands/handoff.go:240.52,242.6 1 0
github.com/kernel-labs-ai/awt/internal/commands/handoff.go:246.3,246.20 1 0
github.com/kernel-labs-ai/awt/internal/commands/handoff.go:246.20,247.24 1 0
github.com/kernel-labs-ai/awt/internal/commands/handoff.go:247.24,249.5 1 0
github.com/kernel-labs-ai/awt/internal/commands/handoff.go:252.4,255.18 4 0
github.com/kernel-labs-ai/awt/internal/commands/handoff.go:255.18,257.5 1 0
github.com/kernel-labs-ai/awt/internal/commands/handoff.go:258.4,263.48 4 0
github.com/kernel-labs-ai/awt/internal/commands/handoff.go:263.48,265.5 1 0
github.com/kernel-labs-ai/awt/internal/commands/handoff.go:270.2,271.38 2 0
github.com/kernel-labs-ai/awt/internal/commands/handoff.go:271.38,273.3 1 0
github.com/kernel-labs-ai/awt/internal/commands/handoff.go:276.2,276.21 1 0
github.com/kernel-labs-ai/awt/internal/commands/handoff.go:276.21,286.3 3 0
github.com/kernel-labs-ai/awt/internal/commands/handoff.go:286.8,291.13 5 0
github.com/kernel-labs-ai/awt/internal/commands/handoff.go:291.13,293.4 1 0
github.com/kernel-labs-ai/awt/internal/commands/handoff.go:294.3,294.18 1 0
github.com/kernel-labs-ai/awt/internal/commands/handoff.go:294.18,296.4 1 0
github.com/kernel-labs-ai/awt/internal/commands/handoff.go:297.3,297.19 1 0
github.com/kernel-labs-ai/awt/internal/commands/handoff.go:297.19,299.4 1 0
github.com/kernel-labs-ai/awt/internal/commands/handoff.go:299.9,301.4 1 0
github.com/kernel-labs-ai/awt/internal/commands/handoff.go:304.2,304.12 1 0
github.com/kernel-labs-ai/awt/internal/commands/handoff.go:308.42,310.16 2 0
github.com/kernel-labs-ai/awt/internal/commands/handoff.go:310.16,312.3 1 0
github.com/kernel-labs-ai/awt/internal/commands/handoff.go:313.2,314.19 2 0
github.com/kernel-labs-ai/awt/internal/commands/handoff.go:318.41,320.29 2 0
github.com/kernel-labs-ai/awt/internal/commands/handoff.go:320.29,321.38 1 0
github.com/kernel-labs-ai/awt/internal/commands/handoff.go:321.38,323.4 1 0
github.com/kernel-labs-ai/awt/internal/commands/handoff.go:325.2,325.11 1 0
github.com/kernel-labs-ai/awt/internal/commands/init.go:19.34,31.55 2 0
github.com/kernel-labs-ai/awt/internal/commands/init.go:31.55,33.4 1 0
github.com/kernel-labs-ai/awt/internal/commands/init.go:36.2,38.12 2 0
github.com/kernel-labs-ai/awt/internal/commands/init.go:41.37,44.16 2 0
github.com/kernel-labs-ai/awt/internal/commands/init.go:44.16,46.3 1 0
github.com/kernel-labs-ai/awt/internal/commands/init.go:49.2,55.48 5 0
github.com/kernel-labs-ai/awt/internal/commands/init.go:55.48,59.3 3 0
github.com/kernel-labs-ai/awt/internal/commands/init.go:62.2,62.52 1 0
github.com/kernel-labs-ai/awt/internal/commands/init.go:62.52,64.3 1 0
github.com/kernel-labs-ai/awt/internal/commands/init.go:65.2,65.52 1 0
github.com/kernel-labs-ai/awt/internal/commands/init.go:65.52,67.3 1 0
github.com/kernel-labs-ai/awt/internal/commands/init.go:70.2,70.81 1 0
github.com/kernel-labs-ai/awt/internal/commands/init.go:70.81,72.3 1 0
github.com/kernel-labs-ai/awt/internal/commands/init.go:75.2,80.12 5 0
github.com/kernel-labs-ai/awt/internal/commands/list.go:34.34,47.55 2 0
github.com/kernel-labs-ai/awt/internal/commands/list.go:47.55,49.4 1 0
github.com/kernel-labs-ai/awt/internal/commands/list.go:52.2,55.12 3 0
github.com/kernel-labs-ai/awt/internal/commands/list.go:58.39,61.16 2 0
github.com/kernel-labs-ai/awt/internal/commands/list.go:61.16,63.3 1 0
github.com/kernel-labs-ai/awt/internal/commands/list.go:65.2,69.16 3 0
github.com/kernel-labs-ai/awt/internal/commands/list.go:69.16,71.3 1 0
github.com/kernel-labs-ai/awt/internal/commands/list.go:73.2,73.21 1 0
github.com/kernel-labs-ai/awt/internal/commands/list.go:73.21,74.23 1 0
github.com/kernel-labs-ai/awt/internal/commands/list.go:74.23,76.4 1 0
github.com/kernel-labs-ai/awt/internal/commands/list.go:76.9,78.4 1 0
github.com/kernel-labs-ai/awt/internal/commands/list.go:79.3,79.13 1 0
github.com/kernel-labs-ai/awt/internal/commands/list.go:83.2,85.16 3 0
github.com/kernel-labs-ai/awt/internal/commands/list.go:85.16,88.3 1 0
github.com/kernel-labs-ai/awt/internal/commands/list.go:91.2,92.31 2 0
github.com/kernel-labs-ai/awt/internal/commands/list.go:92.31,94.3 1 0
github.com/kernel-labs-ai/awt/internal/commands/list.go:97.2,98.26 2 0
github.com/kernel-labs-ai/awt/internal/commands/list.go:98.26,100.51 2 0
github.com/kernel-labs-ai/awt/internal/commands/list.go:100.51,102.4 1 0
github.com/kernel-labs-ai/awt/internal/commands/list.go:104.3,105.42 2 0
github.com/kernel-labs-ai/awt/internal/commands/list.go:105.42,107.53 1 0
github.com/kernel-labs-ai/awt/internal/commands/list.go:107.53,110.5 2 0
github.com/kernel-labs-ai/awt/internal/commands/list.go:113.3,122.30 2 0
github.com/kernel-labs-ai/awt/internal/commands/list.go:126.2,126.21 1 0
github.com/kernel-labs-ai/awt/internal/commands/list.go:126.21,129.3 2 0
github.com/kernel-labs-ai/awt/internal/commands/list.go:129.8,135.30 3 0
github.com/kernel-labs-ai/awt/internal/commands/list.go:135.30,137.23 2 0
github.com/kernel-labs-ai/awt/internal/commands/list.go:137.23,139.5 1 0
github.com/kernel-labs-ai/awt/internal/commands/list.go:141.4,142.23 2 0
github.com/kernel-labs-ai/awt/internal/commands/list.go:142.23,144.5 1 0
github.com/kernel-labs-ai/awt/internal/commands/list.go:146.4,152.5 1 0
github.com/kernel-labs-ai/awt/internal/commands/list.go:155.3,155.48 1 0
github.com/kernel-labs-ai/awt/internal/commands/list.go:158.2,158.12 1 0
github.com/kernel-labs-ai/awt/internal/commands/prune.go:31.35,47.55 2 0
github.com/kernel-labs-ai/awt/internal/commands/prune.go:47.55,49.4 1 0
github.com/kernel-labs-ai/awt/internal/commands/prune.go:52.2,56.12 4 0
github.com/kernel-labs-ai/awt/internal/commands/prune.go:59.41,62.16 2 0
github.com/kernel-labs-ai/awt/internal/commands/prune.go:62.16,64.3 1 0
github.com/kernel-labs-ai/awt/internal/commands/prune.go:66.2,74.38 4 0
github.com/kernel-labs-ai/awt/internal/commands/prune.go:74.38,76.3 1 0
github.com/kernel-labs-ai/awt/internal/commands/prune.go:78.2,78.18 1 0
github.com/kernel-labs-ai/awt/internal/commands/prune.go:78.18,80.46 2 0
github.com/kernel-labs-ai/awt/internal/commands/prune.go:80.46,82.24 1 0
github.com/kernel-labs-ai/awt/internal/commands/prune.go:82.24,84.5 1 0
github.com/kernel-labs-ai/awt/internal/commands/prune.go:85.9,87.4 1 0
github.com/kernel-labs-ai/awt/internal/commands/prune.go:91.2,91.38 1 0
github.com/kernel-labs-ai/awt/internal/commands/prune.go:91.38,93.3 1 0
github.com/kernel-labs-ai/awt/internal/commands/prune.go:95.2,96.16 2 0
github.com/kernel-labs-ai/awt/internal/commands/prune.go:96.16,98.3 1 0
github.com/kernel-labs-ai/awt/internal/commands/prune.go:100.2,100.26 1 0
github.com/kernel-labs-ai/awt/internal/commands/prune.go:100.26,101.27 1 0
github.com/kernel-labs-ai/awt/internal/commands/prune.go:101.27,103.12 1 0
github.com/kernel-labs-ai/awt/internal/commands/prune.go:107.3,107.60 1 0
github.com/kernel-labs-ai/awt/internal/commands/prune.go:107.60,109.20 1 0
github.com/kernel-labs-ai/awt/internal/commands/prune.go:109.20,110.25 1 0
github.com/kernel-labs-ai/awt/internal/commands/prune.go:110.25,112.6 1 0
github.com/kernel-labs-ai/awt/internal/commands/prune.go:113.5,113.46 1 0
github.com/kernel-labs-ai/awt/internal/commands/prune.go:113.46,114.26 1 0
github.com/kernel-labs-ai/awt/internal/commands/prune.go:114.26,116.7 1 0
github.com/kernel-labs-ai/awt/internal/commands/prune.go:117.11,119.6 1 0
github.com/kernel-labs-ai/awt/internal/commands/prune.go:120.10,121.25 1 0
github.com/kernel-labs-ai/awt/internal/commands/prune.go:121.25,123.6 1 0
github.com/kernel-labs-ai/awt/internal/commands/prune.go:124.5,124.60 1 0
github.com/kernel-labs-ai/awt/internal/commands/prune.go:130.2,130.38 1 0
github.com/kernel-labs-ai/awt/internal/commands/prune.go:130.38,132.3 1 0
github.com/kernel-labs-ai/awt/internal/commands/prune.go:134.2,135.54 2 0
github.com/kernel-labs-ai/awt/internal/commands/prune.go:135.54,136.33 1 0
github.com/kernel-labs-ai/awt/internal/commands/prune.go:136.33,137.22 1 0
github.com/kernel-labs-ai/awt/internal/commands/prune.go:137.22,142.51 2 0
github.com/kernel-labs-ai/awt/internal/commands/prune.go:142.51,144.26 1 0
github.com/kernel-labs-ai/awt/internal/commands/prune.go:144.26,145.23 1 0
github.com/kernel-labs-ai/awt/internal/commands/prune.go:145.23,146.28 1 0
github.com/kernel-labs-ai/awt/internal/commands/prune.go:146.28,148.9 1 0
github.com/kernel-labs-ai/awt/internal/commands/prune.go:149.8,149.50 1 0
github.com/kernel-labs-ai/awt/internal/commands/prune.go:149.50,150.29 1 0
github.com/kernel-labs-ai/awt/internal/commands/prune.go:150.29,152.10 1 0
github.com/kernel-labs-ai/awt/internal/commands/prune.go:153.14,155.9 1 0
github.com/kernel-labs-ai/awt/internal/commands/prune.go:156.13,157.28 1 0
github.com/kernel-labs-ai/awt/internal/commands/prune.go:157.28,159.9 1 0
github.com/kernel-labs-ai/awt/internal/commands/prune.go:160.8,160.71 1 0
github.com/kernel-labs-ai/awt/internal/commands/prune.go:169.2,169.21 1 0
github.com/kernel-labs-ai/awt/internal/commands/prune.go:169.21,172.3 2 0
github.com/kernel-labs-ai/awt/internal/commands/prune.go:172.8,174.18 2 0
github.com/kernel-labs-ai/awt/internal/commands/prune.go:174.18,176.4 1 0
github.com/kernel-labs-ai/awt/internal/commands/prune.go:177.3,178.70 2 0
github.com/kernel-labs-ai/awt/internal/commands/prune.go:181.2,181.12 1 0
github.com/kernel-labs-ai/awt/internal/commands/start.go:42.34,61.2 11 0
github.com/kernel-labs-ai/awt/internal/commands/start.go:64.39,85.55 2 0
github.com/kernel-labs-ai/awt/internal/commands/start.go:85.55,87.4 1 0
github.com/kernel-labs-ai/awt/internal/commands/start.go:90.2,101.12 10 0
github.com/kernel-labs-ai/awt/internal/commands/start.go:104.45,114.64 4 5
github.com/kernel-labs-ai/awt/internal/commands/start.go:114.64,116.3 1 1
github.com/kernel-labs-ai/awt/internal/commands/start.go:118.2,118.64 1 4
github.com/kernel-labs-ai/awt/internal/commands/start.go:118.64,120.3 1 1
github.com/kernel-labs-ai/awt/internal/commands/start.go:123.2,124.16 2 3
github.com/kernel-labs-ai/awt/internal/commands/start.go:124.16,126.3 1 0
github.com/kernel-labs-ai/awt/internal/commands/start.go:127.2,136.16 6 3
github.com/kernel-labs-ai/awt/internal/commands/start.go:136.16,138.3 1 0
github.com/kernel-labs-ai/awt/internal/commands/start.go:139.2,143.18 3 3
github.com/kernel-labs-ai/awt/internal/commands/start.go:143.18,145.17 2 1
github.com/kernel-labs-ai/awt/internal/commands/start.go:145.17,147.4 1 0
github.com/kernel-labs-ai/awt/internal/commands/start.go:148.8,148.42 1 2
github.com/kernel-labs-ai/awt/internal/commands/start.go:148.42,150.3 1 1
github.com/kernel-labs-ai/awt/internal/commands/start.go:153.2,156.65 2 2
github.com/kernel-labs-ai/awt/internal/commands/start.go:156.65,158.3 1 0
github.com/kernel-labs-ai/awt/internal/commands/start.go:161.2,164.85 2 2
github.com/kernel-labs-ai/awt/internal/commands/start.go:164.85,166.3 1 0
github.com/kernel-labs-ai/awt/internal/commands/start.go:169.2,169.19 1 2
github.com/kernel-labs-ai/awt/internal/commands/start.go:169.19,171.41 2 0
github.com/kernel-labs-ai/awt/internal/commands/start.go:171.42,174.4 0 0
github.com/kernel-labs-ai/awt/internal/commands/start.go:178.2,179.16 2 2
github.com/kernel-labs-ai/awt/internal/commands/start.go:179.16,181.3 1 0
github.com/kernel-labs-ai/awt/internal/commands/start.go:182.2,182.12 1 2
github.com/kernel-labs-ai/awt/internal/commands/start.go:182.12,184.3 1 0
github.com/kernel-labs-ai/awt/internal/commands/start.go:187.2,188.16 2 2
github.com/kernel-labs-ai/awt/internal/commands/start.go:188.16,190.3 1 0
github.com/kernel-labs-ai/awt/internal/commands/start.go:191.2,191.16 1 2
github.com/kernel-labs-ai/awt/internal/commands/start.go:191.16,193.3 1 0
github.com/kernel-labs-ai/awt/internal/commands/start.go:196.2,198.40 3 2
github.com/kernel-labs-ai/awt/internal/commands/start.go:198.40,200.3 1 0
github.com/kernel-labs-ai/awt/internal/commands/start.go:203.2,217.38 4 2
github.com/kernel-labs-ai/awt/internal/commands/start.go:217.38,222.3 3 0
github.com/kernel-labs-ai/awt/internal/commands/start.go:223.2,226.21 2 2
github.com/kernel-labs-ai/awt/internal/commands/start.go:226.21,234.3 3 2
github.com/kernel-labs-ai/awt/internal/commands/start.go:234.8,241.3 6 0
github.com/kernel-labs-ai/awt/internal/commands/start.go:243.2,243.12 1 2
github.com/kernel-labs-ai/awt/internal/commands/status.go:39.40,57.55 2 0
github.com/kernel-labs-ai/awt/internal/commands/status.go:57.55,58.21 1 0
github.com/kernel-labs-ai/awt/internal/commands/status.go:58.21,60.5 1 0
github.com/kernel-labs-ai/awt/internal/commands/status.go:61.4,61.30 1 0
github.com/kernel-labs-ai/awt/internal/commands/status.go:65.2,69.12 4 0
github.com/kernel-labs-ai/awt/internal/commands/status.go:72.47,75.16 2 0
github.com/kernel-labs-ai/awt/internal/commands/status.go:75.16,77.3 1 0
github.com/kernel-labs-ai/awt/internal/commands/status.go:79.2,84.39 3 0
github.com/kernel-labs-ai/awt/internal/commands/status.go:84.39,88.19 2 0
github.com/kernel-labs-ai/awt/internal/commands/status.go:88.19,90.4 1 0
github.com/kernel-labs-ai/awt/internal/commands/status.go:93.2,93.18 1 0
github.com/kernel-labs-ai/awt/internal/commands/status.go:93.18,96.17 2 0
github.com/kernel-labs-ai/awt/internal/commands/status.go:96.17,98.4 1 0
github.com/kernel-labs-ai/awt/internal/commands/status.go:102.2,103.16 2 0
github.com/kernel-labs-ai/awt/internal/commands/status.go:103.16,105.3 1 0
github.com/kernel-labs-ai/awt/internal/commands/status.go:108.2,108.21 1 0
github.com/kernel-labs-ai/awt/internal/commands/status.go:108.21,123.3 3 0
github.com/kernel-labs-ai/awt/internal/commands/status.go:123.8,132.25 9 0
github.com/kernel-labs-ai/awt/internal/commands/status.go:132.25,134.4 1 0
github.com/kernel-labs-ai/awt/internal/commands/status.go:135.3,135.20 1 0
github.com/kernel-labs-ai/awt/internal/commands/status.go:135.20,137.4 1 0
github.com/kernel-labs-ai/awt/internal/commands/status.go:140.2,140.12 1 0
github.com/kernel-labs-ai/awt/internal/commands/status.go:145.52,147.54 1 0
github.com/kernel-labs-ai/awt/internal/commands/status.go:147.54,149.3 1 0
github.com/kernel-labs-ai/awt/internal/commands/status.go:152.2,153.20 2 0
github.com/kernel-labs-ai/awt/internal/commands/status.go:153.20,156.22 2 0
github.com/kernel-labs-ai/awt/internal/commands/status.go:156.22,158.4 1 0
github.com/kernel-labs-ai/awt/internal/commands/status.go:159.3,159.12 1 0
github.com/kernel-labs-ai/awt/internal/commands/status.go:162.2,162.17 1 0
github.com/kernel-labs-ai/awt/internal/commands/status.go:166.38,169.25 3 0
github.com/kernel-labs-ai/awt/internal/commands/status.go:169.25,170.15 1 0
github.com/kernel-labs-ai/awt/internal/commands/status.go:170.15,171.21 1 0
github.com/kernel-labs-ai/awt/internal/commands/status.go:171.21,174.5 2 0
github.com/kernel-labs-ai/awt/internal/commands/status.go:175.9,177.4 1 0
github.com/kernel-labs-ai/awt/internal/commands/status.go:179.2,179.19 1 0
github.com/kernel-labs-ai/awt/internal/commands/status.go:179.19,181.3 1 0
github.com/kernel-labs-ai/awt/internal/commands/status.go:182.2,182.14 1 0
github.com/kernel-labs-ai/awt/internal/commands/status.go:186.68,189.16 2 0
github.com/kernel-labs-ai/awt/internal/commands/status.go:189.16,191.3 1 0
github.com/kernel-labs-ai/awt/internal/commands/status.go:194.2,196.16 3 0
github.com/kernel-labs-ai/awt/internal/commands/status.go:196.16,198.3 1 0
github.com/kernel-labs-ai/awt/internal/commands/status.go:201.2,201.31 1 0
github.com/kernel-labs-ai/awt/internal/commands/status.go:201.31,204.17 2 0
github.com/kernel-labs-ai/awt/internal/commands/status.go:204.17,206.4 1 0
github.com/kernel-labs-ai/awt/internal/commands/status.go:207.3,208.17 2 0
github.com/kernel-labs-ai/awt/internal/commands/status.go:208.17,210.4 1 0
github.com/kernel-labs-ai/awt/internal/commands/status.go:213.3,219.78 4 0
github.com/kernel-labs-ai/awt/internal/commands/status.go:219.78,222.20 2 0
github.com/kernel-labs-ai/awt/internal/commands/status.go:222.20,224.5 1 0
github.com/kernel-labs-ai/awt/internal/commands/status.go:228.2,228.49 1 0
github.com/kernel-labs-ai/awt/internal/commands/status.go:232.37,234.29 2 0
github.com/kernel-labs-ai/awt/internal/commands/status.go:234.29,235.19 1 0
github.com/kernel-labs-ai/awt/internal/commands/status.go:235.19,237.4 1 0
github.com/kernel-labs-ai/awt/internal/commands/status.go:239.2,239.14 1 0
github.com/kernel-labs-ai/awt/internal/commands/sync.go:35.38,55.55 2 0
github.com/kernel-labs-ai/awt/internal/commands/sync.go:55.55,56.21 1 0
github.com/kernel-labs-ai/awt/internal/commands/sync.go:56.21,58.5 1 0
github.com/kernel-labs-ai/awt/internal/commands/sync.go:59.4,59.28 1 0
github.com/kernel-labs-ai/awt/internal/commands/sync.go:63.2,70.12 7 0
github.com/kernel-labs-ai/awt/internal/commands/sync.go:73.43,76.16 2 0
github.com/kernel-labs-ai/awt/internal/commands/sync.go:76.16,78.3 1 0
github.com/kernel-labs-ai/awt/internal/commands/sync.go:80.2,85.39 3 0
github.com/kernel-labs-ai/awt/internal/commands/sync.go:85.39,88.19 2 0
github.com/kernel-labs-ai/awt/internal/commands/sync.go:88.19,90.4 1 0
github.com/kernel-labs-ai/awt/internal/commands/sync.go:93.2,93.18 1 0
github.com/kernel-labs-ai/awt/internal/commands/sync.go:93.18,96.17 2 0
github.com/kernel-labs-ai/awt/internal/commands/sync.go:96.17,98.4 1 0
github.com/kernel-labs-ai/awt/internal/commands/sync.go:102.2,103.16 2 0
github.com/kernel-labs-ai/awt/internal/commands/sync.go:103.16,105.3 1 0
github.com/kernel-labs-ai/awt/internal/commands/sync.go:108.2,112.40 3 0
github.com/kernel-labs-ai/awt/internal/commands/sync.go:112.40,114.49 1 0
github.com/kernel-labs-ai/awt/internal/commands/sync.go:114.49,117.42 2 0
github.com/kernel-labs-ai/awt/internal/commands/sync.go:117.42,119.5 1 0
github.com/kernel-labs-ai/awt/internal/commands/sync.go:120.9,123.24 1 0
github.com/kernel-labs-ai/awt/internal/commands/sync.go:123.24,125.5 1 0
github.com/kernel-labs-ai/awt/internal/commands/sync.go:130.2,131.16 2 0
github.com/kernel-labs-ai/awt/internal/commands/sync.go:131.16,133.3 1 0
github.com/kernel-labs-ai/awt/internal/commands/sync.go:136.2,137.25 2 0
github.com/kernel-labs-ai/awt/internal/commands/sync.go:137.25,139.3 1 0
github.com/kernel-labs-ai/awt/internal/commands/sync.go:139.8,141.3 1 0
github.com/kernel-labs-ai/awt/internal/commands/sync.go:143.2,143.44 1 0
github.com/kernel-labs-ai/awt/internal/commands/sync.go:143.44,145.105 1 0
github.com/kernel-labs-ai/awt/internal/commands/sync.go:145.105,147.4 1 0
github.com/kernel-labs-ai/awt/internal/commands/sync.go:148.3,148.69 1 0
github.com/kernel-labs-ai/awt/internal/commands/sync.go:152.2,152.21 1 0
github.com/kernel-labs-ai/awt/internal/commands/sync.go:152.21,154.44 2 0
github.com/kernel-labs-ai/awt/internal/commands/sync.go:154.44,156.4 1 0
github.com/kernel-labs-ai/awt/internal/commands/sync.go:160.2,160.21 1 0
github.com/kernel-labs-ai/awt/internal/commands/sync.go:160.21,169.3 3 0
github.com/kernel-labs-ai/awt/internal/commands/sync.go:169.8,174.22 5 0
github.com/kernel-labs-ai/awt/internal/commands/sync.go:174.22,176.4 1 0
github.com/kernel-labs-ai/awt/internal/commands/sync.go:179.2,179.12 1 0
github.com/kernel-labs-ai/awt/internal/commands/unlock.go:36.40,56.55 2 0
github.com/kernel-labs-ai/awt/internal/commands/unlock.go:56.55,57.21 1 0
github.com/kernel-labs-ai/awt/internal/commands/unlock.go:57.21,59.5 1 0
github.com/kernel-labs-ai/awt/internal/commands/unlock.go:60.4,60.30 1 0
github.com/kernel-labs-ai/awt/internal/commands/unlock.go:64.2,69.12 5 0
github.com/kernel-labs-ai/awt/internal/commands/unlock.go:72.47,75.16 2 0
github.com/kernel-labs-ai/awt/internal/commands/unlock.go:75.16,77.3 1 0
github.com/kernel-labs-ai/awt/internal/commands/unlock.go:79.2,84.39 3 0
github.com/kernel-labs-ai/awt/internal/commands/unlock.go:84.39,87.19 2 0
github.com/kernel-labs-ai/awt/internal/commands/unlock.go:87.19,89.4 1 0
github.com/kernel-labs-ai/awt/internal/commands/unlock.go:92.2,92.18 1 0
github.com/kernel-labs-ai/awt/internal/commands/unlock.go:92.18,94.3 1 0
github.com/kernel-labs-ai/awt/internal/commands/unlock.go:97.2,98.16 2 0
github.com/kernel-labs-ai/awt/internal/commands/unlock.go:98.16,100.3 1 0
github.com/kernel-labs-ai/awt/internal/commands/unlock.go:103.2,107.16 3 0
github.com/kernel-labs-ai/awt/internal/commands/unlock.go:107.16,109.3 1 0
github.com/kernel-labs-ai/awt/internal/commands/unlock.go:111.2,113.50 3 0
github.com/kernel-labs-ai/awt/internal/commands/unlock.go:113.50,115.3 1 0
github.com/kernel-labs-ai/awt/internal/commands/unlock.go:117.2,117.31 1 0
github.com/kernel-labs-ai/awt/internal/commands/unlock.go:117.31,118.29 1 0
github.com/kernel-labs-ai/awt/internal/commands/unlock.go:118.29,120.4 1 0
github.com/kernel-labs-ai/awt/internal/commands/unlock.go:123.2,123.35 1 0
github.com/kernel-labs-ai/awt/internal/commands/unlock.go:123.35,124.23 1 0
github.com/kernel-labs-ai/awt/internal/commands/unlock.go:124.23,126.4 1 0
github.com/kernel-labs-ai/awt/internal/commands/unlock.go:127.3,127.13 1 0
github.com/kernel-labs-ai/awt/internal/commands/unlock.go:131.2,134.16 4 0
github.com/kernel-labs-ai/awt/internal/commands/unlock.go:134.16,136.3 1 0
github.com/kernel-labs-ai/awt/internal/commands/unlock.go:137.2,143.41 4 0
github.com/kernel-labs-ai/awt/internal/commands/unlock.go:143.41,144.23 1 0
github.com/kernel-labs-ai/awt/internal/commands/unlock.go:144.23,146.4 1 0
github.com/kernel-labs-ai/awt/internal/commands/unlock.go:149.3,151.41 3 0
github.com/kernel-labs-ai/awt/internal/commands/unlock.go:151.41,153.4 1 0
github.com/kernel-labs-ai/awt/internal/commands/unlock.go:155.3,158.18 2 0
github.com/kernel-labs-ai/awt/internal/commands/unlock.go:158.18,159.24 1 0
github.com/kernel-labs-ai/awt/internal/commands/unlock.go:159.24,161.5 1 0
github.com/kernel-labs-ai/awt/internal/commands/unlock.go:164.4,167.48 3 0
github.com/kernel-labs-ai/awt/internal/commands/unlock.go:167.48,169.25 1 0
github.com/kernel-labs-ai/awt/internal/commands/unlock.go:169.25,171.6 1 0
github.com/kernel-labs-ai/awt/internal/commands/unlock.go:172.10,174.5 1 0
github.com/kernel-labs-ai/awt/internal/commands/unlock.go:179.2,179.21 1 0
github.com/kernel-labs-ai/awt/internal/commands/unlock.go:179.21,188.3 3 0
github.com/kernel-labs-ai/awt/internal/commands/unlock.go:188.8,193.18 5 0
github.com/kernel-labs-ai/awt/internal/commands/unlock.go:193.18,195.4 1 0
github.com/kernel-labs-ai/awt/internal/commands/unlock.go:198.2,198.12 1 0
